#
# There is insufficient memory for the Java Runtime Environment to continue.
# Native memory allocation (malloc) failed to allocate 35904 bytes for Chunk::new
# Possible reasons:
#   The system is out of physical RAM or swap space
#   The process is running with CompressedOops enabled, and the Java Heap may be blocking the growth of the native heap
# Possible solutions:
#   Reduce memory load on the system
#   Increase physical memory or swap space
#   Check if swap backing store is full
#   Decrease Java heap size (-Xmx/-Xms)
#   Decrease number of Java threads
#   Decrease Java thread stack sizes (-Xss)
#   Set larger code cache with -XX:ReservedCodeCacheSize=
#   JVM is running with Unscaled Compressed Oops mode in which the Java heap is
#     placed in the first 4GB address space. The Java Heap base address is the
#     maximum limit for the native heap growth. Please use -XX:HeapBaseMinAddress
#     to set the Java Heap base and to place the Java Heap above 4GB virtual address.
# This output file may be truncated or incomplete.
#
#  Out of Memory Error (arena.cpp:189), pid=28252, tid=19012
#
# JRE version: OpenJDK Runtime Environment Temurin-17.0.7+7 (17.0.7+7) (build 17.0.7+7)
# Java VM: OpenJDK 64-Bit Server VM Temurin-17.0.7+7 (17.0.7+7, mixed mode, sharing, tiered, compressed oops, compressed class ptrs, g1 gc, windows-amd64)
# No core dump will be written. Minidumps are not enabled by default on client versions of Windows
#

---------------  S U M M A R Y ------------

Command Line: -Djava.awt.headless=true -Dscanner.home=C:\Users\LENOVO\OneDrive\Documentos\Universidad\Semestre\Gestion de calidad de sistemas\sonar-scanner-5.0.1.3006-windows\bin\.. -Dproject.home=C:\Users\LENOVO\Desktop\Wilsterman-Web-QA-Correcting org.sonarsource.scanner.cli.Main -Dsonar.login=squ_c287e3a8249c4d1b968c32b4a1a50ea5fb93ef55

Host: Intel(R) Core(TM) i7-10750H CPU @ 2.60GHz, 12 cores, 7G,  Windows 11 , 64 bit Build 22621 (10.0.22621.2215)
Time: Tue Sep 26 00:40:27 2023 Hora estándar oeste, Sudamérica elapsed time: 47.664339 seconds (0d 0h 0m 47s)

---------------  T H R E A D  ---------------

Current thread (0x000001b1804d3fa0):  JavaThread "C1 CompilerThread0" daemon [_thread_in_native, id=19012, stack(0x0000003a73d00000,0x0000003a73e00000)]


Current CompileTask:
C1:  47664 5873   !   3       java.util.concurrent.SynchronousQueue$TransferStack::transfer (541 bytes)

Stack: [0x0000003a73d00000,0x0000003a73e00000]
Native frames: (J=compiled Java code, j=interpreted, Vv=VM code, C=native code)
V  [jvm.dll+0x67754a]
V  [jvm.dll+0x834304]
V  [jvm.dll+0x835aae]
V  [jvm.dll+0x836113]
V  [jvm.dll+0x24696f]
V  [jvm.dll+0xac0ac]
V  [jvm.dll+0xac67c]
V  [jvm.dll+0x17c7ff]
V  [jvm.dll+0x17b32b]
V  [jvm.dll+0x135ae3]
V  [jvm.dll+0x1353df]
V  [jvm.dll+0x135616]
V  [jvm.dll+0x134aaa]
V  [jvm.dll+0x136771]
V  [jvm.dll+0x2284da]
V  [jvm.dll+0x226615]
V  [jvm.dll+0x7ea90b]
V  [jvm.dll+0x7e4e7a]
V  [jvm.dll+0x676395]
C  [ucrtbase.dll+0x29363]
C  [KERNEL32.DLL+0x1257d]
C  [ntdll.dll+0x5aa68]


---------------  P R O C E S S  ---------------

Threads class SMR info:
_java_thread_list=0x000001b1857e5e20, length=21, elements={
0x000001b1e47fbd40, 0x000001b1804bf120, 0x000001b1804bff90, 0x000001b1804ce850,
0x000001b1804cf400, 0x000001b1804d1dc0, 0x000001b1804d2770, 0x000001b1804d3500,
0x000001b1804d3fa0, 0x000001b1804e6dd0, 0x000001b18075d470, 0x000001b18075fdf0,
0x000001b1850ca050, 0x000001b1850ca520, 0x000001b1856af890, 0x000001b18563c670,
0x000001b18634b050, 0x000001b1855fd560, 0x000001b1855faa10, 0x000001b1855fbd50,
0x000001b1855fd090
}

Java Threads: ( => current thread )
  0x000001b1e47fbd40 JavaThread "main" [_thread_blocked, id=17644, stack(0x0000003a72f00000,0x0000003a73000000)]
  0x000001b1804bf120 JavaThread "Reference Handler" daemon [_thread_blocked, id=13640, stack(0x0000003a73600000,0x0000003a73700000)]
  0x000001b1804bff90 JavaThread "Finalizer" daemon [_thread_blocked, id=15940, stack(0x0000003a73700000,0x0000003a73800000)]
  0x000001b1804ce850 JavaThread "Signal Dispatcher" daemon [_thread_blocked, id=23376, stack(0x0000003a73800000,0x0000003a73900000)]
  0x000001b1804cf400 JavaThread "Attach Listener" daemon [_thread_blocked, id=26376, stack(0x0000003a73900000,0x0000003a73a00000)]
  0x000001b1804d1dc0 JavaThread "Service Thread" daemon [_thread_blocked, id=1632, stack(0x0000003a73a00000,0x0000003a73b00000)]
  0x000001b1804d2770 JavaThread "Monitor Deflation Thread" daemon [_thread_blocked, id=16792, stack(0x0000003a73b00000,0x0000003a73c00000)]
  0x000001b1804d3500 JavaThread "C2 CompilerThread0" daemon [_thread_blocked, id=15732, stack(0x0000003a73c00000,0x0000003a73d00000)]
=>0x000001b1804d3fa0 JavaThread "C1 CompilerThread0" daemon [_thread_in_native, id=19012, stack(0x0000003a73d00000,0x0000003a73e00000)]
  0x000001b1804e6dd0 JavaThread "Sweeper thread" daemon [_thread_blocked, id=14880, stack(0x0000003a73e00000,0x0000003a73f00000)]
  0x000001b18075d470 JavaThread "Notification Thread" daemon [_thread_blocked, id=21212, stack(0x0000003a73f00000,0x0000003a74000000)]
  0x000001b18075fdf0 JavaThread "Common-Cleaner" daemon [_thread_blocked, id=27792, stack(0x0000003a74100000,0x0000003a74200000)]
  0x000001b1850ca050 JavaThread "OkHttp ConnectionPool" daemon [_thread_blocked, id=26680, stack(0x0000003a74400000,0x0000003a74500000)]
  0x000001b1850ca520 JavaThread "Okio Watchdog" daemon [_thread_blocked, id=28048, stack(0x0000003a74500000,0x0000003a74600000)]
  0x000001b1856af890 JavaThread "OkHttp TaskRunner" daemon [_thread_blocked, id=26308, stack(0x0000003a74f00000,0x0000003a75000000)]
  0x000001b18563c670 JavaThread "Okio Watchdog" daemon [_thread_blocked, id=18792, stack(0x0000003a75000000,0x0000003a75100000)]
  0x000001b18634b050 JavaThread "HttpClient-1-SelectorManager" daemon [_thread_in_native, id=22260, stack(0x0000003a75300000,0x0000003a75400000)]
  0x000001b1855fd560 JavaThread "JGit-WorkQueue" daemon [_thread_blocked, id=2496, stack(0x0000003a75400000,0x0000003a75500000)]
  0x000001b1855faa10 JavaThread "nodejs-stream-consumer" daemon [_thread_blocked, id=29248, stack(0x0000003a75600000,0x0000003a75700000)]
  0x000001b1855fbd50 JavaThread "nodejs-stream-consumer" daemon [_thread_blocked, id=3380, stack(0x0000003a75700000,0x0000003a75800000)]
  0x000001b1855fd090 JavaThread "HttpClient-1-Worker-0" daemon [_thread_blocked, id=20392, stack(0x0000003a75a00000,0x0000003a75b00000)]

Other Threads:
  0x000001b1804ba450 VMThread "VM Thread" [stack: 0x0000003a73500000,0x0000003a73600000] [id=16272]
  0x000001b1e4878a50 WatcherThread [stack: 0x0000003a74000000,0x0000003a74100000] [id=7560]
  0x000001b1e4857930 GCTaskThread "GC Thread#0" [stack: 0x0000003a73000000,0x0000003a73100000] [id=29004]
  0x000001b18555de40 GCTaskThread "GC Thread#1" [stack: 0x0000003a74600000,0x0000003a74700000] [id=24200]
  0x000001b18555e0f0 GCTaskThread "GC Thread#2" [stack: 0x0000003a74700000,0x0000003a74800000] [id=23380]
  0x000001b18532f870 GCTaskThread "GC Thread#3" [stack: 0x0000003a74800000,0x0000003a74900000] [id=15312]
  0x000001b18532fb20 GCTaskThread "GC Thread#4" [stack: 0x0000003a74900000,0x0000003a74a00000] [id=29584]
  0x000001b18520e980 GCTaskThread "GC Thread#5" [stack: 0x0000003a74a00000,0x0000003a74b00000] [id=29468]
  0x000001b18520ec30 GCTaskThread "GC Thread#6" [stack: 0x0000003a74b00000,0x0000003a74c00000] [id=15192]
  0x000001b185210ef0 GCTaskThread "GC Thread#7" [stack: 0x0000003a74c00000,0x0000003a74d00000] [id=21752]
  0x000001b1852115b0 GCTaskThread "GC Thread#8" [stack: 0x0000003a74d00000,0x0000003a74e00000] [id=26844]
  0x000001b185212080 GCTaskThread "GC Thread#9" [stack: 0x0000003a74e00000,0x0000003a74f00000] [id=28340]
  0x000001b1e48685b0 ConcurrentGCThread "G1 Main Marker" [stack: 0x0000003a73100000,0x0000003a73200000] [id=9292]
  0x000001b1e4869770 ConcurrentGCThread "G1 Conc#0" [stack: 0x0000003a73200000,0x0000003a73300000] [id=27588]
  0x000001b1863aff30 ConcurrentGCThread "G1 Conc#1" [stack: 0x0000003a75100000,0x0000003a75200000] [id=12692]
  0x000001b1863aef10 ConcurrentGCThread "G1 Conc#2" [stack: 0x0000003a75200000,0x0000003a75300000] [id=13224]
  0x000001b1803720d0 ConcurrentGCThread "G1 Refine#0" [stack: 0x0000003a73300000,0x0000003a73400000] [id=21536]
  0x000001b180372af0 ConcurrentGCThread "G1 Service" [stack: 0x0000003a73400000,0x0000003a73500000] [id=28336]

Threads with active compile tasks:
C1 CompilerThread0    47693 5873   !   3       java.util.concurrent.SynchronousQueue$TransferStack::transfer (541 bytes)

VM state: not at safepoint (normal execution)

VM Mutex/Monitor currently owned by a thread: None

Heap address: 0x0000000081600000, size: 2026 MB, Compressed Oops mode: 32-bit

CDS archive(s) mapped at: [0x0000000800000000-0x0000000800a60000-0x0000000800a60000), size 10878976, SharedBaseAddress: 0x0000000800000000, ArchiveRelocationMode: 0.
Compressed class space mapped at: 0x0000000801000000-0x0000000841000000, reserved size: 1073741824
Narrow klass base: 0x0000000800000000, Narrow klass shift: 0, Narrow klass range: 0x100000000

GC Precious Log:
 CPUs: 12 total, 12 available
 Memory: 8099M
 Large Page Support: Disabled
 NUMA Support: Disabled
 Compressed Oops: Enabled (32-bit)
 Heap Region Size: 1M
 Heap Min Capacity: 8M
 Heap Initial Capacity: 128M
 Heap Max Capacity: 2026M
 Pre-touch: Disabled
 Parallel Workers: 10
 Concurrent Workers: 3
 Concurrent Refinement Workers: 10
 Periodic GC: Disabled

Heap:
 garbage-first heap   total 110592K, used 82845K [0x0000000081600000, 0x0000000100000000)
  region size 1024K, 45 young (46080K), 3 survivors (3072K)
 Metaspace       used 58291K, committed 58944K, reserved 1114112K
  class space    used 7948K, committed 8256K, reserved 1048576K

Heap Regions: E=young(eden), S=young(survivor), O=old, HS=humongous(starts), HC=humongous(continues), CS=collection set, F=free, OA=open archive, CA=closed archive, TAMS=top-at-mark-start (previous, next)
|   0|0x0000000081600000, 0x0000000081700000, 0x0000000081700000|100%|HS|  |TAMS 0x0000000081700000, 0x0000000081700000| Complete 
|   1|0x0000000081700000, 0x0000000081800000, 0x0000000081800000|100%|HC|  |TAMS 0x0000000081800000, 0x0000000081800000| Complete 
|   2|0x0000000081800000, 0x0000000081900000, 0x0000000081900000|100%| O|  |TAMS 0x0000000081900000, 0x0000000081900000| Untracked 
|   3|0x0000000081900000, 0x0000000081a00000, 0x0000000081a00000|100%| O|  |TAMS 0x0000000081a00000, 0x0000000081a00000| Untracked 
|   4|0x0000000081a00000, 0x0000000081b00000, 0x0000000081b00000|100%| O|  |TAMS 0x0000000081b00000, 0x0000000081b00000| Untracked 
|   5|0x0000000081b00000, 0x0000000081c00000, 0x0000000081c00000|100%| O|  |TAMS 0x0000000081c00000, 0x0000000081c00000| Untracked 
|   6|0x0000000081c00000, 0x0000000081d00000, 0x0000000081d00000|100%| O|  |TAMS 0x0000000081d00000, 0x0000000081d00000| Untracked 
|   7|0x0000000081d00000, 0x0000000081e00000, 0x0000000081e00000|100%| O|  |TAMS 0x0000000081e00000, 0x0000000081e00000| Untracked 
|   8|0x0000000081e00000, 0x0000000081f00000, 0x0000000081f00000|100%| O|  |TAMS 0x0000000081f00000, 0x0000000081f00000| Untracked 
|   9|0x0000000081f00000, 0x0000000082000000, 0x0000000082000000|100%| O|  |TAMS 0x0000000082000000, 0x0000000082000000| Untracked 
|  10|0x0000000082000000, 0x0000000082100000, 0x0000000082100000|100%| O|  |TAMS 0x0000000082100000, 0x0000000082100000| Untracked 
|  11|0x0000000082100000, 0x0000000082200000, 0x0000000082200000|100%| O|  |TAMS 0x0000000082200000, 0x0000000082200000| Untracked 
|  12|0x0000000082200000, 0x0000000082300000, 0x0000000082300000|100%| O|  |TAMS 0x0000000082300000, 0x0000000082300000| Untracked 
|  13|0x0000000082300000, 0x0000000082400000, 0x0000000082400000|100%| O|  |TAMS 0x0000000082400000, 0x0000000082400000| Untracked 
|  14|0x0000000082400000, 0x0000000082500000, 0x0000000082500000|100%| O|  |TAMS 0x0000000082500000, 0x0000000082500000| Untracked 
|  15|0x0000000082500000, 0x0000000082600000, 0x0000000082600000|100%| O|  |TAMS 0x0000000082600000, 0x0000000082600000| Untracked 
|  16|0x0000000082600000, 0x0000000082700000, 0x0000000082700000|100%| O|  |TAMS 0x0000000082700000, 0x0000000082700000| Untracked 
|  17|0x0000000082700000, 0x0000000082800000, 0x0000000082800000|100%| O|  |TAMS 0x0000000082800000, 0x0000000082800000| Untracked 
|  18|0x0000000082800000, 0x0000000082900000, 0x0000000082900000|100%| O|  |TAMS 0x0000000082900000, 0x0000000082900000| Untracked 
|  19|0x0000000082900000, 0x0000000082a00000, 0x0000000082a00000|100%|HS|  |TAMS 0x0000000082a00000, 0x0000000082a00000| Complete 
|  20|0x0000000082a00000, 0x0000000082b00000, 0x0000000082b00000|100%|HS|  |TAMS 0x0000000082b00000, 0x0000000082b00000| Complete 
|  21|0x0000000082b00000, 0x0000000082c00000, 0x0000000082c00000|100%|HC|  |TAMS 0x0000000082c00000, 0x0000000082c00000| Complete 
|  22|0x0000000082c00000, 0x0000000082d00000, 0x0000000082d00000|100%|HC|  |TAMS 0x0000000082d00000, 0x0000000082d00000| Complete 
|  23|0x0000000082d00000, 0x0000000082e00000, 0x0000000082e00000|100%|HS|  |TAMS 0x0000000082e00000, 0x0000000082e00000| Complete 
|  24|0x0000000082e00000, 0x0000000082f00000, 0x0000000082f00000|100%|HS|  |TAMS 0x0000000082f00000, 0x0000000082f00000| Complete 
|  25|0x0000000082f00000, 0x0000000083000000, 0x0000000083000000|100%| O|  |TAMS 0x0000000082fcca00, 0x0000000082fcca00| Untracked 
|  26|0x0000000083000000, 0x0000000083100000, 0x0000000083100000|100%| O|  |TAMS 0x0000000083000000, 0x0000000083000000| Untracked 
|  27|0x0000000083100000, 0x0000000083200000, 0x0000000083200000|100%| O|  |TAMS 0x0000000083100000, 0x0000000083100000| Untracked 
|  28|0x0000000083200000, 0x0000000083300000, 0x0000000083300000|100%| O|  |TAMS 0x0000000083200000, 0x0000000083200000| Untracked 
|  29|0x0000000083300000, 0x0000000083400000, 0x0000000083400000|100%| O|  |TAMS 0x0000000083300000, 0x0000000083300000| Untracked 
|  30|0x0000000083400000, 0x0000000083500000, 0x0000000083500000|100%| O|  |TAMS 0x0000000083400000, 0x0000000083400000| Untracked 
|  31|0x0000000083500000, 0x0000000083600000, 0x0000000083600000|100%| O|  |TAMS 0x0000000083500000, 0x0000000083500000| Untracked 
|  32|0x0000000083600000, 0x0000000083700000, 0x0000000083700000|100%| O|  |TAMS 0x0000000083600000, 0x0000000083600000| Untracked 
|  33|0x0000000083700000, 0x0000000083800000, 0x0000000083800000|100%| O|  |TAMS 0x0000000083700000, 0x0000000083700000| Untracked 
|  34|0x0000000083800000, 0x0000000083900000, 0x0000000083900000|100%| O|  |TAMS 0x0000000083800000, 0x0000000083800000| Untracked 
|  35|0x0000000083900000, 0x0000000083a00000, 0x0000000083a00000|100%| O|  |TAMS 0x0000000083900000, 0x0000000083900000| Untracked 
|  36|0x0000000083a00000, 0x0000000083b00000, 0x0000000083b00000|100%| O|  |TAMS 0x0000000083a00000, 0x0000000083a00000| Untracked 
|  37|0x0000000083b00000, 0x0000000083b79c00, 0x0000000083c00000| 47%| O|  |TAMS 0x0000000083b00000, 0x0000000083b00000| Untracked 
|  38|0x0000000083c00000, 0x0000000083c00000, 0x0000000083d00000|  0%| F|  |TAMS 0x0000000083c00000, 0x0000000083c00000| Untracked 
|  39|0x0000000083d00000, 0x0000000083d00000, 0x0000000083e00000|  0%| F|  |TAMS 0x0000000083d00000, 0x0000000083d00000| Untracked 
|  40|0x0000000083e00000, 0x0000000083e00000, 0x0000000083f00000|  0%| F|  |TAMS 0x0000000083e00000, 0x0000000083e00000| Untracked 
|  41|0x0000000083f00000, 0x0000000083f00000, 0x0000000084000000|  0%| F|  |TAMS 0x0000000083f00000, 0x0000000083f00000| Untracked 
|  42|0x0000000084000000, 0x0000000084000000, 0x0000000084100000|  0%| F|  |TAMS 0x0000000084000000, 0x0000000084000000| Untracked 
|  43|0x0000000084100000, 0x0000000084100000, 0x0000000084200000|  0%| F|  |TAMS 0x0000000084100000, 0x0000000084100000| Untracked 
|  44|0x0000000084200000, 0x0000000084200000, 0x0000000084300000|  0%| F|  |TAMS 0x0000000084200000, 0x0000000084200000| Untracked 
|  45|0x0000000084300000, 0x0000000084300000, 0x0000000084400000|  0%| F|  |TAMS 0x0000000084300000, 0x0000000084300000| Untracked 
|  46|0x0000000084400000, 0x0000000084400000, 0x0000000084500000|  0%| F|  |TAMS 0x0000000084400000, 0x0000000084400000| Untracked 
|  47|0x0000000084500000, 0x0000000084500000, 0x0000000084600000|  0%| F|  |TAMS 0x0000000084500000, 0x0000000084500000| Untracked 
|  48|0x0000000084600000, 0x0000000084600000, 0x0000000084700000|  0%| F|  |TAMS 0x0000000084600000, 0x0000000084600000| Untracked 
|  49|0x0000000084700000, 0x0000000084700000, 0x0000000084800000|  0%| F|  |TAMS 0x0000000084700000, 0x0000000084700000| Untracked 
|  50|0x0000000084800000, 0x0000000084800000, 0x0000000084900000|  0%| F|  |TAMS 0x0000000084800000, 0x0000000084800000| Untracked 
|  51|0x0000000084900000, 0x000000008496d8f0, 0x0000000084a00000| 42%| S|CS|TAMS 0x0000000084900000, 0x0000000084900000| Complete 
|  52|0x0000000084a00000, 0x0000000084b00000, 0x0000000084b00000|100%| S|CS|TAMS 0x0000000084a00000, 0x0000000084a00000| Complete 
|  53|0x0000000084b00000, 0x0000000084b00000, 0x0000000084c00000|  0%| F|  |TAMS 0x0000000084b00000, 0x0000000084b00000| Untracked 
|  54|0x0000000084c00000, 0x0000000084d00000, 0x0000000084d00000|100%| S|CS|TAMS 0x0000000084c00000, 0x0000000084c00000| Complete 
|  55|0x0000000084d00000, 0x0000000084d00000, 0x0000000084e00000|  0%| F|  |TAMS 0x0000000084d00000, 0x0000000084d00000| Untracked 
|  56|0x0000000084e00000, 0x0000000084e00000, 0x0000000084f00000|  0%| F|  |TAMS 0x0000000084e00000, 0x0000000084e00000| Untracked 
|  57|0x0000000084f00000, 0x0000000084f00000, 0x0000000085000000|  0%| F|  |TAMS 0x0000000084f00000, 0x0000000084f00000| Untracked 
|  58|0x0000000085000000, 0x0000000085000000, 0x0000000085100000|  0%| F|  |TAMS 0x0000000085000000, 0x0000000085000000| Untracked 
|  59|0x0000000085100000, 0x0000000085100000, 0x0000000085200000|  0%| F|  |TAMS 0x0000000085100000, 0x0000000085100000| Untracked 
|  60|0x0000000085200000, 0x0000000085200000, 0x0000000085300000|  0%| F|  |TAMS 0x0000000085200000, 0x0000000085200000| Untracked 
|  61|0x0000000085300000, 0x0000000085300000, 0x0000000085400000|  0%| F|  |TAMS 0x0000000085300000, 0x0000000085300000| Untracked 
|  62|0x0000000085400000, 0x0000000085400000, 0x0000000085500000|  0%| F|  |TAMS 0x0000000085400000, 0x0000000085400000| Untracked 
|  63|0x0000000085500000, 0x0000000085500000, 0x0000000085600000|  0%| F|  |TAMS 0x0000000085500000, 0x0000000085500000| Untracked 
|  64|0x0000000085600000, 0x0000000085600000, 0x0000000085700000|  0%| F|  |TAMS 0x0000000085600000, 0x0000000085600000| Untracked 
|  65|0x0000000085700000, 0x0000000085700000, 0x0000000085800000|  0%| F|  |TAMS 0x0000000085700000, 0x0000000085700000| Untracked 
|  66|0x0000000085800000, 0x0000000085808ce8, 0x0000000085900000|  3%| E|  |TAMS 0x0000000085800000, 0x0000000085800000| Complete 
|  67|0x0000000085900000, 0x0000000085a00000, 0x0000000085a00000|100%| E|CS|TAMS 0x0000000085900000, 0x0000000085900000| Complete 
|  68|0x0000000085a00000, 0x0000000085b00000, 0x0000000085b00000|100%| E|CS|TAMS 0x0000000085a00000, 0x0000000085a00000| Complete 
|  69|0x0000000085b00000, 0x0000000085c00000, 0x0000000085c00000|100%| E|CS|TAMS 0x0000000085b00000, 0x0000000085b00000| Complete 
|  70|0x0000000085c00000, 0x0000000085d00000, 0x0000000085d00000|100%| E|CS|TAMS 0x0000000085c00000, 0x0000000085c00000| Complete 
|  71|0x0000000085d00000, 0x0000000085e00000, 0x0000000085e00000|100%| E|CS|TAMS 0x0000000085d00000, 0x0000000085d00000| Complete 
|  72|0x0000000085e00000, 0x0000000085f00000, 0x0000000085f00000|100%| E|CS|TAMS 0x0000000085e00000, 0x0000000085e00000| Complete 
|  73|0x0000000085f00000, 0x0000000086000000, 0x0000000086000000|100%| E|CS|TAMS 0x0000000085f00000, 0x0000000085f00000| Complete 
|  74|0x0000000086000000, 0x0000000086100000, 0x0000000086100000|100%| E|CS|TAMS 0x0000000086000000, 0x0000000086000000| Complete 
|  75|0x0000000086100000, 0x0000000086200000, 0x0000000086200000|100%| E|CS|TAMS 0x0000000086100000, 0x0000000086100000| Complete 
|  76|0x0000000086200000, 0x0000000086300000, 0x0000000086300000|100%| E|CS|TAMS 0x0000000086200000, 0x0000000086200000| Complete 
|  77|0x0000000086300000, 0x0000000086400000, 0x0000000086400000|100%| E|CS|TAMS 0x0000000086300000, 0x0000000086300000| Complete 
|  78|0x0000000086400000, 0x0000000086500000, 0x0000000086500000|100%| E|CS|TAMS 0x0000000086400000, 0x0000000086400000| Complete 
|  79|0x0000000086500000, 0x0000000086600000, 0x0000000086600000|100%| E|CS|TAMS 0x0000000086500000, 0x0000000086500000| Complete 
|  80|0x0000000086600000, 0x0000000086700000, 0x0000000086700000|100%| E|CS|TAMS 0x0000000086600000, 0x0000000086600000| Complete 
|  81|0x0000000086700000, 0x0000000086800000, 0x0000000086800000|100%| E|CS|TAMS 0x0000000086700000, 0x0000000086700000| Complete 
|  82|0x0000000086800000, 0x0000000086900000, 0x0000000086900000|100%| E|CS|TAMS 0x0000000086800000, 0x0000000086800000| Complete 
|  83|0x0000000086900000, 0x0000000086a00000, 0x0000000086a00000|100%| E|CS|TAMS 0x0000000086900000, 0x0000000086900000| Complete 
|  84|0x0000000086a00000, 0x0000000086b00000, 0x0000000086b00000|100%| E|CS|TAMS 0x0000000086a00000, 0x0000000086a00000| Complete 
|  85|0x0000000086b00000, 0x0000000086c00000, 0x0000000086c00000|100%| E|CS|TAMS 0x0000000086b00000, 0x0000000086b00000| Complete 
|  86|0x0000000086c00000, 0x0000000086d00000, 0x0000000086d00000|100%| E|CS|TAMS 0x0000000086c00000, 0x0000000086c00000| Complete 
|  87|0x0000000086d00000, 0x0000000086e00000, 0x0000000086e00000|100%| E|CS|TAMS 0x0000000086d00000, 0x0000000086d00000| Complete 
|  88|0x0000000086e00000, 0x0000000086f00000, 0x0000000086f00000|100%| E|CS|TAMS 0x0000000086e00000, 0x0000000086e00000| Complete 
|  89|0x0000000086f00000, 0x0000000087000000, 0x0000000087000000|100%| E|CS|TAMS 0x0000000086f00000, 0x0000000086f00000| Complete 
|  90|0x0000000087000000, 0x0000000087100000, 0x0000000087100000|100%| E|CS|TAMS 0x0000000087000000, 0x0000000087000000| Complete 
|  91|0x0000000087100000, 0x0000000087200000, 0x0000000087200000|100%| E|CS|TAMS 0x0000000087100000, 0x0000000087100000| Complete 
|  92|0x0000000087200000, 0x0000000087300000, 0x0000000087300000|100%| E|CS|TAMS 0x0000000087200000, 0x0000000087200000| Complete 
|  93|0x0000000087300000, 0x0000000087400000, 0x0000000087400000|100%| E|CS|TAMS 0x0000000087300000, 0x0000000087300000| Complete 
|  94|0x0000000087400000, 0x0000000087500000, 0x0000000087500000|100%| E|CS|TAMS 0x0000000087400000, 0x0000000087400000| Complete 
|  95|0x0000000087500000, 0x0000000087600000, 0x0000000087600000|100%| E|CS|TAMS 0x0000000087500000, 0x0000000087500000| Complete 
|  96|0x0000000087600000, 0x0000000087700000, 0x0000000087700000|100%| E|CS|TAMS 0x0000000087600000, 0x0000000087600000| Complete 
|  97|0x0000000087700000, 0x0000000087800000, 0x0000000087800000|100%| E|CS|TAMS 0x0000000087700000, 0x0000000087700000| Complete 
|  98|0x0000000087800000, 0x0000000087900000, 0x0000000087900000|100%| E|CS|TAMS 0x0000000087800000, 0x0000000087800000| Complete 
|  99|0x0000000087900000, 0x0000000087a00000, 0x0000000087a00000|100%| E|CS|TAMS 0x0000000087900000, 0x0000000087900000| Complete 
| 100|0x0000000087a00000, 0x0000000087b00000, 0x0000000087b00000|100%| E|CS|TAMS 0x0000000087a00000, 0x0000000087a00000| Complete 
| 101|0x0000000087b00000, 0x0000000087c00000, 0x0000000087c00000|100%| E|CS|TAMS 0x0000000087b00000, 0x0000000087b00000| Complete 
| 102|0x0000000087c00000, 0x0000000087d00000, 0x0000000087d00000|100%| E|CS|TAMS 0x0000000087c00000, 0x0000000087c00000| Complete 
| 103|0x0000000087d00000, 0x0000000087e00000, 0x0000000087e00000|100%| E|CS|TAMS 0x0000000087d00000, 0x0000000087d00000| Complete 
| 104|0x0000000087e00000, 0x0000000087f00000, 0x0000000087f00000|100%| E|CS|TAMS 0x0000000087e00000, 0x0000000087e00000| Complete 
| 105|0x0000000087f00000, 0x0000000088000000, 0x0000000088000000|100%| E|CS|TAMS 0x0000000087f00000, 0x0000000087f00000| Complete 
| 106|0x0000000088000000, 0x0000000088100000, 0x0000000088100000|100%| E|CS|TAMS 0x0000000088000000, 0x0000000088000000| Complete 
| 127|0x0000000089500000, 0x0000000089600000, 0x0000000089600000|100%| E|CS|TAMS 0x0000000089500000, 0x0000000089500000| Complete 

Card table byte_map: [0x000001b1f9120000,0x000001b1f9520000] _byte_map_base: 0x000001b1f8d15000

Marking Bits (Prev, Next): (CMBitMap*) 0x000001b1e4857f40, (CMBitMap*) 0x000001b1e4857f80
 Prev Bits: [0x000001b1f9920000, 0x000001b1fb8c8000)
 Next Bits: [0x000001b1fb8d0000, 0x000001b1fd878000)

Polling page: 0x000001b1e2760000

Metaspace:

Usage:
  Non-class:     49.16 MB used.
      Class:      7.76 MB used.
       Both:     56.92 MB used.

Virtual space:
  Non-class space:       64.00 MB reserved,      49.50 MB ( 77%) committed,  1 nodes.
      Class space:        1.00 GB reserved,       8.06 MB ( <1%) committed,  1 nodes.
             Both:        1.06 GB reserved,      57.56 MB (  5%) committed. 

Chunk freelists:
   Non-Class:  13.95 MB
       Class:  7.90 MB
        Both:  21.84 MB

MaxMetaspaceSize: unlimited
CompressedClassSpaceSize: 1.00 GB
Initial GC threshold: 21.00 MB
Current GC threshold: 58.88 MB
CDS: on
MetaspaceReclaimPolicy: balanced
 - commit_granule_bytes: 65536.
 - commit_granule_words: 8192.
 - virtual_space_node_default_size: 8388608.
 - enlarge_chunks_in_place: 1.
 - new_chunks_are_fully_committed: 0.
 - uncommit_free_chunks: 1.
 - use_allocation_guard: 0.
 - handle_deallocations: 1.


Internal statistics:

num_allocs_failed_limit: 6.
num_arena_births: 496.
num_arena_deaths: 0.
num_vsnodes_births: 2.
num_vsnodes_deaths: 0.
num_space_committed: 921.
num_space_uncommitted: 0.
num_chunks_returned_to_freelist: 6.
num_chunks_taken_from_freelist: 2524.
num_chunk_merges: 6.
num_chunk_splits: 1900.
num_chunks_enlarged: 1547.
num_inconsistent_stats: 0.

CodeHeap 'non-profiled nmethods': size=120000Kb used=3061Kb max_used=3380Kb free=116938Kb
 bounds [0x000001b1f1290000, 0x000001b1f15e0000, 0x000001b1f87c0000]
CodeHeap 'profiled nmethods': size=120000Kb used=9732Kb max_used=11820Kb free=110267Kb
 bounds [0x000001b1e97c0000, 0x000001b1ea350000, 0x000001b1f0cf0000]
CodeHeap 'non-nmethods': size=5760Kb used=1279Kb max_used=1386Kb free=4480Kb
 bounds [0x000001b1f0cf0000, 0x000001b1f0f60000, 0x000001b1f1290000]
 total_blobs=5549 nmethods=4952 adapters=508
 compilation: enabled
              stopped_count=0, restarted_count=0
 full_count=0

Compilation events (20 events):
Event: 46.677 Thread 0x000001b1804d3fa0 5863   !   3       jdk.internal.misc.ScopedMemoryAccess::putIntUnalignedInternal (39 bytes)
Event: 46.677 Thread 0x000001b1804d3fa0 nmethod 5863 0x000001b1e9b38190 code [0x000001b1e9b38360, 0x000001b1e9b386f8]
Event: 46.677 Thread 0x000001b1804d3fa0 5866       3       java.nio.channels.spi.AbstractSelector::begin (48 bytes)
Event: 46.677 Thread 0x000001b1804d3500 nmethod 5864 0x000001b1f1322f10 code [0x000001b1f1323080, 0x000001b1f1323198]
Event: 46.677 Thread 0x000001b1804d3fa0 nmethod 5866 0x000001b1e98a1710 code [0x000001b1e98a1900, 0x000001b1e98a1f78]
Event: 46.677 Thread 0x000001b1804d3fa0 5865       3       java.lang.RuntimeException::<init> (6 bytes)
Event: 46.677 Thread 0x000001b1804d3fa0 nmethod 5865 0x000001b1e9ccfa90 code [0x000001b1e9ccfc40, 0x000001b1e9ccfdc8]
Event: 46.786 Thread 0x000001b1804d3fa0 5867       3       java.util.concurrent.ThreadPoolExecutor::runStateAtLeast (11 bytes)
Event: 46.786 Thread 0x000001b1804d3fa0 nmethod 5867 0x000001b1e9b68790 code [0x000001b1e9b68920, 0x000001b1e9b68a78]
Event: 47.329 Thread 0x000001b1804d3fa0 5868       3       sun.nio.ch.SelectionKeyImpl::channel (8 bytes)
Event: 47.329 Thread 0x000001b1804d3fa0 nmethod 5868 0x000001b1e9bc4290 code [0x000001b1e9bc4420, 0x000001b1e9bc4638]
Event: 47.329 Thread 0x000001b1804d3fa0 5869   !   3       java.nio.channels.spi.AbstractSelectableChannel::isRegistered (27 bytes)
Event: 47.329 Thread 0x000001b1804d3fa0 nmethod 5869 0x000001b1e9bd7c90 code [0x000001b1e9bd7e20, 0x000001b1e9bd8058]
Event: 47.437 Thread 0x000001b1804d3fa0 5870       3       java.lang.Math::addExact (26 bytes)
Event: 47.437 Thread 0x000001b1804d3fa0 nmethod 5870 0x000001b1e9cb9f90 code [0x000001b1e9cba140, 0x000001b1e9cba348]
Event: 47.438 Thread 0x000001b1804d3fa0 5871       3       java.util.concurrent.ThreadPoolExecutor::isRunning (10 bytes)
Event: 47.438 Thread 0x000001b1804d3fa0 nmethod 5871 0x000001b1e9c01610 code [0x000001b1e9c017a0, 0x000001b1e9c018f8]
Event: 47.438 Thread 0x000001b1804d3fa0 5872       3       java.util.concurrent.CompletableFuture::completeExceptionally (31 bytes)
Event: 47.439 Thread 0x000001b1804d3fa0 nmethod 5872 0x000001b1e9804690 code [0x000001b1e9804920, 0x000001b1e98054f8]
Event: 47.657 Thread 0x000001b1804d3fa0 5873   !   3       java.util.concurrent.SynchronousQueue$TransferStack::transfer (541 bytes)

GC Heap History (20 events):
Event: 10.145 GC heap before
{Heap before GC invocations=9 (full 0):
 garbage-first heap   total 71680K, used 32343K [0x0000000081600000, 0x0000000100000000)
  region size 1024K, 7 young (7168K), 2 survivors (2048K)
 Metaspace       used 35497K, committed 35968K, reserved 1114112K
  class space    used 4009K, committed 4224K, reserved 1048576K
}
Event: 10.150 GC heap after
{Heap after GC invocations=10 (full 0):
 garbage-first heap   total 92160K, used 28783K [0x0000000081600000, 0x0000000100000000)
  region size 1024K, 3 young (3072K), 3 survivors (3072K)
 Metaspace       used 35497K, committed 35968K, reserved 1114112K
  class space    used 4009K, committed 4224K, reserved 1048576K
}
Event: 10.481 GC heap before
{Heap before GC invocations=11 (full 0):
 garbage-first heap   total 92160K, used 61551K [0x0000000081600000, 0x0000000100000000)
  region size 1024K, 21 young (21504K), 3 survivors (3072K)
 Metaspace       used 37742K, committed 38272K, reserved 1114112K
  class space    used 4387K, committed 4608K, reserved 1048576K
}
Event: 10.490 GC heap after
{Heap after GC invocations=12 (full 0):
 garbage-first heap   total 92160K, used 31747K [0x0000000081600000, 0x0000000100000000)
  region size 1024K, 6 young (6144K), 6 survivors (6144K)
 Metaspace       used 37742K, committed 38272K, reserved 1114112K
  class space    used 4387K, committed 4608K, reserved 1048576K
}
Event: 11.217 GC heap before
{Heap before GC invocations=12 (full 0):
 garbage-first heap   total 92160K, used 70659K [0x0000000081600000, 0x0000000100000000)
  region size 1024K, 43 young (44032K), 6 survivors (6144K)
 Metaspace       used 44121K, committed 44672K, reserved 1114112K
  class space    used 5678K, committed 5888K, reserved 1048576K
}
Event: 11.226 GC heap after
{Heap after GC invocations=13 (full 0):
 garbage-first heap   total 92160K, used 33605K [0x0000000081600000, 0x0000000100000000)
  region size 1024K, 5 young (5120K), 5 survivors (5120K)
 Metaspace       used 44121K, committed 44672K, reserved 1114112K
  class space    used 5678K, committed 5888K, reserved 1048576K
}
Event: 11.879 GC heap before
{Heap before GC invocations=13 (full 0):
 garbage-first heap   total 92160K, used 71493K [0x0000000081600000, 0x0000000100000000)
  region size 1024K, 42 young (43008K), 5 survivors (5120K)
 Metaspace       used 50254K, committed 50816K, reserved 1114112K
  class space    used 6472K, committed 6720K, reserved 1048576K
}
Event: 11.890 GC heap after
{Heap after GC invocations=14 (full 0):
 garbage-first heap   total 92160K, used 35558K [0x0000000081600000, 0x0000000100000000)
  region size 1024K, 5 young (5120K), 5 survivors (5120K)
 Metaspace       used 50254K, committed 50816K, reserved 1114112K
  class space    used 6472K, committed 6720K, reserved 1048576K
}
Event: 12.449 GC heap before
{Heap before GC invocations=14 (full 0):
 garbage-first heap   total 92160K, used 71398K [0x0000000081600000, 0x0000000100000000)
  region size 1024K, 40 young (40960K), 5 survivors (5120K)
 Metaspace       used 55514K, committed 56128K, reserved 1114112K
  class space    used 7544K, committed 7808K, reserved 1048576K
}
Event: 12.462 GC heap after
{Heap after GC invocations=15 (full 0):
 garbage-first heap   total 92160K, used 38750K [0x0000000081600000, 0x0000000100000000)
  region size 1024K, 5 young (5120K), 5 survivors (5120K)
 Metaspace       used 55514K, committed 56128K, reserved 1114112K
  class space    used 7544K, committed 7808K, reserved 1048576K
}
Event: 14.411 GC heap before
{Heap before GC invocations=15 (full 0):
 garbage-first heap   total 92160K, used 72542K [0x0000000081600000, 0x0000000100000000)
  region size 1024K, 38 young (38912K), 5 survivors (5120K)
 Metaspace       used 57239K, committed 57920K, reserved 1114112K
  class space    used 7812K, committed 8128K, reserved 1048576K
}
Event: 14.425 GC heap after
{Heap after GC invocations=16 (full 0):
 garbage-first heap   total 110592K, used 40905K [0x0000000081600000, 0x0000000100000000)
  region size 1024K, 3 young (3072K), 3 survivors (3072K)
 Metaspace       used 57239K, committed 57920K, reserved 1114112K
  class space    used 7812K, committed 8128K, reserved 1048576K
}
Event: 21.993 GC heap before
{Heap before GC invocations=16 (full 0):
 garbage-first heap   total 110592K, used 85961K [0x0000000081600000, 0x0000000100000000)
  region size 1024K, 47 young (48128K), 3 survivors (3072K)
 Metaspace       used 57242K, committed 57920K, reserved 1114112K
  class space    used 7813K, committed 8128K, reserved 1048576K
}
Event: 21.999 GC heap after
{Heap after GC invocations=17 (full 0):
 garbage-first heap   total 110592K, used 40998K [0x0000000081600000, 0x0000000100000000)
  region size 1024K, 3 young (3072K), 3 survivors (3072K)
 Metaspace       used 57242K, committed 57920K, reserved 1114112K
  class space    used 7813K, committed 8128K, reserved 1048576K
}
Event: 26.911 GC heap before
{Heap before GC invocations=17 (full 0):
 garbage-first heap   total 110592K, used 90150K [0x0000000081600000, 0x0000000100000000)
  region size 1024K, 51 young (52224K), 3 survivors (3072K)
 Metaspace       used 57242K, committed 57920K, reserved 1114112K
  class space    used 7813K, committed 8128K, reserved 1048576K
}
Event: 26.915 GC heap after
{Heap after GC invocations=18 (full 0):
 garbage-first heap   total 110592K, used 40898K [0x0000000081600000, 0x0000000100000000)
  region size 1024K, 3 young (3072K), 3 survivors (3072K)
 Metaspace       used 57242K, committed 57920K, reserved 1114112K
  class space    used 7813K, committed 8128K, reserved 1048576K
}
Event: 32.152 GC heap before
{Heap before GC invocations=18 (full 0):
 garbage-first heap   total 110592K, used 91074K [0x0000000081600000, 0x0000000100000000)
  region size 1024K, 52 young (53248K), 3 survivors (3072K)
 Metaspace       used 57242K, committed 57920K, reserved 1114112K
  class space    used 7813K, committed 8128K, reserved 1048576K
}
Event: 32.156 GC heap after
{Heap after GC invocations=19 (full 0):
 garbage-first heap   total 110592K, used 40874K [0x0000000081600000, 0x0000000100000000)
  region size 1024K, 3 young (3072K), 3 survivors (3072K)
 Metaspace       used 57242K, committed 57920K, reserved 1114112K
  class space    used 7813K, committed 8128K, reserved 1048576K
}
Event: 37.339 GC heap before
{Heap before GC invocations=19 (full 0):
 garbage-first heap   total 110592K, used 93098K [0x0000000081600000, 0x0000000100000000)
  region size 1024K, 54 young (55296K), 3 survivors (3072K)
 Metaspace       used 57242K, committed 57920K, reserved 1114112K
  class space    used 7813K, committed 8128K, reserved 1048576K
}
Event: 37.344 GC heap after
{Heap after GC invocations=20 (full 0):
 garbage-first heap   total 110592K, used 40861K [0x0000000081600000, 0x0000000100000000)
  region size 1024K, 3 young (3072K), 3 survivors (3072K)
 Metaspace       used 57242K, committed 57920K, reserved 1114112K
  class space    used 7813K, committed 8128K, reserved 1048576K
}

Dll operation events (8 events):
Event: 0.013 Loaded shared library C:\Users\LENOVO\OneDrive\Documentos\Universidad\Semestre\Gestion de calidad de sistemas\sonar-scanner-5.0.1.3006-windows\jre\bin\java.dll
Event: 0.026 Loaded shared library C:\Users\LENOVO\OneDrive\Documentos\Universidad\Semestre\Gestion de calidad de sistemas\sonar-scanner-5.0.1.3006-windows\jre\bin\jsvml.dll
Event: 0.072 Loaded shared library C:\Users\LENOVO\OneDrive\Documentos\Universidad\Semestre\Gestion de calidad de sistemas\sonar-scanner-5.0.1.3006-windows\jre\bin\net.dll
Event: 0.074 Loaded shared library C:\Users\LENOVO\OneDrive\Documentos\Universidad\Semestre\Gestion de calidad de sistemas\sonar-scanner-5.0.1.3006-windows\jre\bin\nio.dll
Event: 0.080 Loaded shared library C:\Users\LENOVO\OneDrive\Documentos\Universidad\Semestre\Gestion de calidad de sistemas\sonar-scanner-5.0.1.3006-windows\jre\bin\zip.dll
Event: 0.120 Loaded shared library C:\Users\LENOVO\OneDrive\Documentos\Universidad\Semestre\Gestion de calidad de sistemas\sonar-scanner-5.0.1.3006-windows\jre\bin\jimage.dll
Event: 0.206 Loaded shared library C:\Users\LENOVO\OneDrive\Documentos\Universidad\Semestre\Gestion de calidad de sistemas\sonar-scanner-5.0.1.3006-windows\jre\bin\sunmscapi.dll
Event: 0.657 Loaded shared library C:\Users\LENOVO\OneDrive\Documentos\Universidad\Semestre\Gestion de calidad de sistemas\sonar-scanner-5.0.1.3006-windows\jre\bin\verify.dll

Deoptimization events (20 events):
Event: 41.047 Thread 0x000001b18634b050 Uncommon trap: trap_request=0xffffffde fr.pc=0x000001b1f15bdf18 relative=0x0000000000000758
Event: 41.047 Thread 0x000001b18634b050 Uncommon trap: reason=class_check action=maybe_recompile pc=0x000001b1f15bdf18 method=java.nio.channels.spi.AbstractInterruptibleChannel.close()V @ 23 c2
Event: 41.047 Thread 0x000001b18634b050 DEOPT PACKING pc=0x000001b1f15bdf18 sp=0x0000003a753ff350
Event: 41.047 Thread 0x000001b18634b050 DEOPT UNPACKING pc=0x000001b1f0d469a3 sp=0x0000003a753ff330 mode 2
Event: 41.111 Thread 0x000001b1855fd090 Uncommon trap: trap_request=0xffffff45 fr.pc=0x000001b1f15be0b0 relative=0x00000000000008f0
Event: 41.112 Thread 0x000001b1855fd090 Uncommon trap: reason=unstable_if action=reinterpret pc=0x000001b1f15be0b0 method=java.nio.channels.spi.AbstractInterruptibleChannel.close()V @ 11 c2
Event: 41.112 Thread 0x000001b1855fd090 DEOPT PACKING pc=0x000001b1f15be0b0 sp=0x0000003a75afeba0
Event: 41.112 Thread 0x000001b1855fd090 DEOPT UNPACKING pc=0x000001b1f0d469a3 sp=0x0000003a75afeb80 mode 2
Event: 41.229 Thread 0x000001b1e47fbd40 Uncommon trap: trap_request=0xffffffc6 fr.pc=0x000001b1f14a6c04 relative=0x0000000000003284
Event: 41.229 Thread 0x000001b1e47fbd40 Uncommon trap: reason=bimorphic_or_optimized_type_check action=maybe_recompile pc=0x000001b1f14a6c04 method=java.util.stream.ReferencePipeline.forEachWithCancel(Ljava/util/Spliterator;Ljava/util/stream/Sink;)Z @ 1 c2
Event: 41.229 Thread 0x000001b1e47fbd40 DEOPT PACKING pc=0x000001b1f14a6c04 sp=0x0000003a72ffd570
Event: 41.229 Thread 0x000001b1e47fbd40 DEOPT UNPACKING pc=0x000001b1f0d469a3 sp=0x0000003a72ffd458 mode 2
Event: 41.338 Thread 0x000001b1e47fbd40 Uncommon trap: trap_request=0xffffffc6 fr.pc=0x000001b1f14a6c04 relative=0x0000000000003284
Event: 41.338 Thread 0x000001b1e47fbd40 Uncommon trap: reason=bimorphic_or_optimized_type_check action=maybe_recompile pc=0x000001b1f14a6c04 method=java.util.stream.ReferencePipeline.forEachWithCancel(Ljava/util/Spliterator;Ljava/util/stream/Sink;)Z @ 1 c2
Event: 41.338 Thread 0x000001b1e47fbd40 DEOPT PACKING pc=0x000001b1f14a6c04 sp=0x0000003a72ffd570
Event: 41.338 Thread 0x000001b1e47fbd40 DEOPT UNPACKING pc=0x000001b1f0d469a3 sp=0x0000003a72ffd458 mode 2
Event: 41.445 Thread 0x000001b1e47fbd40 Uncommon trap: trap_request=0xffffffc6 fr.pc=0x000001b1f14b1464 relative=0x0000000000002c84
Event: 41.445 Thread 0x000001b1e47fbd40 Uncommon trap: reason=bimorphic_or_optimized_type_check action=maybe_recompile pc=0x000001b1f14b1464 method=java.util.stream.ReferencePipeline.forEachWithCancel(Ljava/util/Spliterator;Ljava/util/stream/Sink;)Z @ 1 c2
Event: 41.445 Thread 0x000001b1e47fbd40 DEOPT PACKING pc=0x000001b1f14b1464 sp=0x0000003a72ffd510
Event: 41.445 Thread 0x000001b1e47fbd40 DEOPT UNPACKING pc=0x000001b1f0d469a3 sp=0x0000003a72ffd458 mode 2

Classes unloaded (0 events):
No events

Classes redefined (0 events):
No events

Internal exceptions (20 events):
Event: 46.676 Thread 0x000001b18634b050 Exception <a 'java/net/ConnectException'{0x00000000859ac3f8}: Connection refused: no further information> (0x00000000859ac3f8) 
thrown [s\src\hotspot\share\prims\jni.cpp, line 535]
Event: 46.677 Thread 0x000001b18634b050 Exception <a 'java/net/ConnectException'{0x00000000859acfc0}: Connection refused: no further information> (0x00000000859acfc0) 
thrown [s\src\hotspot\share\prims\jni.cpp, line 535]
Event: 46.786 Thread 0x000001b18634b050 Exception <a 'java/net/ConnectException'{0x00000000859ad930}: Connection refused: no further information> (0x00000000859ad930) 
thrown [s\src\hotspot\share\prims\jni.cpp, line 535]
Event: 46.786 Thread 0x000001b18634b050 Exception <a 'java/net/ConnectException'{0x00000000859ae2a0}: Connection refused: no further information> (0x00000000859ae2a0) 
thrown [s\src\hotspot\share\prims\jni.cpp, line 535]
Event: 46.894 Thread 0x000001b18634b050 Exception <a 'java/net/ConnectException'{0x00000000859aee50}: Connection refused: no further information> (0x00000000859aee50) 
thrown [s\src\hotspot\share\prims\jni.cpp, line 535]
Event: 46.894 Thread 0x000001b18634b050 Exception <a 'java/net/ConnectException'{0x00000000859af7c0}: Connection refused: no further information> (0x00000000859af7c0) 
thrown [s\src\hotspot\share\prims\jni.cpp, line 535]
Event: 47.002 Thread 0x000001b18634b050 Exception <a 'java/net/ConnectException'{0x00000000859b0130}: Connection refused: no further information> (0x00000000859b0130) 
thrown [s\src\hotspot\share\prims\jni.cpp, line 535]
Event: 47.003 Thread 0x000001b18634b050 Exception <a 'java/net/ConnectException'{0x00000000859b0aa0}: Connection refused: no further information> (0x00000000859b0aa0) 
thrown [s\src\hotspot\share\prims\jni.cpp, line 535]
Event: 47.110 Thread 0x000001b18634b050 Exception <a 'java/net/ConnectException'{0x00000000858006b8}: Connection refused: no further information> (0x00000000858006b8) 
thrown [s\src\hotspot\share\prims\jni.cpp, line 535]
Event: 47.110 Thread 0x000001b18634b050 Exception <a 'java/net/ConnectException'{0x0000000085801028}: Connection refused: no further information> (0x0000000085801028) 
thrown [s\src\hotspot\share\prims\jni.cpp, line 535]
Event: 47.221 Thread 0x000001b18634b050 Exception <a 'java/net/ConnectException'{0x0000000085801998}: Connection refused: no further information> (0x0000000085801998) 
thrown [s\src\hotspot\share\prims\jni.cpp, line 535]
Event: 47.221 Thread 0x000001b18634b050 Exception <a 'java/net/ConnectException'{0x0000000085802558}: Connection refused: no further information> (0x0000000085802558) 
thrown [s\src\hotspot\share\prims\jni.cpp, line 535]
Event: 47.329 Thread 0x000001b18634b050 Exception <a 'java/net/ConnectException'{0x0000000085802ec8}: Connection refused: no further information> (0x0000000085802ec8) 
thrown [s\src\hotspot\share\prims\jni.cpp, line 535]
Event: 47.329 Thread 0x000001b18634b050 Exception <a 'java/net/ConnectException'{0x0000000085803838}: Connection refused: no further information> (0x0000000085803838) 
thrown [s\src\hotspot\share\prims\jni.cpp, line 535]
Event: 47.438 Thread 0x000001b18634b050 Exception <a 'java/net/ConnectException'{0x00000000858041a8}: Connection refused: no further information> (0x00000000858041a8) 
thrown [s\src\hotspot\share\prims\jni.cpp, line 535]
Event: 47.438 Thread 0x000001b18634b050 Exception <a 'java/net/ConnectException'{0x0000000085804d58}: Connection refused: no further information> (0x0000000085804d58) 
thrown [s\src\hotspot\share\prims\jni.cpp, line 535]
Event: 47.548 Thread 0x000001b18634b050 Exception <a 'java/net/ConnectException'{0x00000000858056c8}: Connection refused: no further information> (0x00000000858056c8) 
thrown [s\src\hotspot\share\prims\jni.cpp, line 535]
Event: 47.548 Thread 0x000001b18634b050 Exception <a 'java/net/ConnectException'{0x0000000085806038}: Connection refused: no further information> (0x0000000085806038) 
thrown [s\src\hotspot\share\prims\jni.cpp, line 535]
Event: 47.656 Thread 0x000001b18634b050 Exception <a 'java/net/ConnectException'{0x0000000085806bf0}: Connection refused: no further information> (0x0000000085806bf0) 
thrown [s\src\hotspot\share\prims\jni.cpp, line 535]
Event: 47.657 Thread 0x000001b18634b050 Exception <a 'java/net/ConnectException'{0x0000000085807560}: Connection refused: no further information> (0x0000000085807560) 
thrown [s\src\hotspot\share\prims\jni.cpp, line 535]

VM Operations (20 events):
Event: 37.339 Executing VM operation: G1CollectForAllocation
Event: 37.344 Executing VM operation: G1CollectForAllocation done
Event: 40.500 Executing VM operation: HandshakeAllThreads
Event: 40.500 Executing VM operation: HandshakeAllThreads done
Event: 40.500 Executing VM operation: Cleanup
Event: 40.500 Executing VM operation: Cleanup done
Event: 40.730 Executing VM operation: HandshakeAllThreads
Event: 40.730 Executing VM operation: HandshakeAllThreads done
Event: 40.832 Executing VM operation: HandshakeAllThreads
Event: 40.832 Executing VM operation: HandshakeAllThreads done
Event: 41.835 Executing VM operation: Cleanup
Event: 41.835 Executing VM operation: Cleanup done
Event: 42.845 Executing VM operation: Cleanup
Event: 42.845 Executing VM operation: Cleanup done
Event: 43.857 Executing VM operation: Cleanup
Event: 43.857 Executing VM operation: Cleanup done
Event: 44.868 Executing VM operation: Cleanup
Event: 44.868 Executing VM operation: Cleanup done
Event: 46.893 Executing VM operation: Cleanup
Event: 46.893 Executing VM operation: Cleanup done

Events (20 events):
Event: 41.043 loading class java/nio/channels/spi/AbstractSelectionKey
Event: 41.043 loading class java/nio/channels/SelectionKey
Event: 41.043 loading class java/nio/channels/SelectionKey done
Event: 41.043 loading class java/nio/channels/spi/AbstractSelectionKey done
Event: 41.043 loading class sun/nio/ch/SelectionKeyImpl done
Event: 41.043 loading class java/lang/invoke/ConstantBootstraps
Event: 41.044 loading class java/lang/invoke/ConstantBootstraps done
Event: 41.044 loading class java/util/concurrent/CompletableFuture$UniRelay
Event: 41.044 loading class java/util/concurrent/CompletableFuture$UniRelay done
Event: 41.046 loading class java/util/concurrent/CompletableFuture$UniWhenComplete
Event: 41.047 loading class java/util/concurrent/CompletableFuture$UniWhenComplete done
Event: 41.047 loading class java/util/concurrent/CompletableFuture$Signaller
Event: 41.047 loading class sun/net/util/SocketExceptions
Event: 41.048 loading class java/util/concurrent/CompletableFuture$Signaller done
Event: 41.048 loading class sun/net/util/SocketExceptions done
Event: 41.053 Thread 0x000001b1855fd090 Thread added: 0x000001b1855fd090
Event: 41.115 loading class java/util/concurrent/CompletionException
Event: 41.116 loading class java/util/concurrent/CompletionException done
Event: 41.230 Thread 0x000001b1809c1c90 Thread exited: 0x000001b1809c1c90
Event: 41.339 Thread 0x000001b185138aa0 Thread exited: 0x000001b185138aa0


Dynamic libraries:
0x00007ff676970000 - 0x00007ff67697e000 	C:\Users\LENOVO\OneDrive\Documentos\Universidad\Semestre\Gestion de calidad de sistemas\sonar-scanner-5.0.1.3006-windows\jre\bin\java.exe
0x00007ff8c83d0000 - 0x00007ff8c85e4000 	C:\WINDOWS\SYSTEM32\ntdll.dll
0x00007ff8c80d0000 - 0x00007ff8c8194000 	C:\WINDOWS\System32\KERNEL32.DLL
0x00007ff8c5ab0000 - 0x00007ff8c5e54000 	C:\WINDOWS\System32\KERNELBASE.dll
0x00007ff8c5e60000 - 0x00007ff8c5f71000 	C:\WINDOWS\System32\ucrtbase.dll
0x00007ff8b9990000 - 0x00007ff8b99a7000 	C:\Users\LENOVO\OneDrive\Documentos\Universidad\Semestre\Gestion de calidad de sistemas\sonar-scanner-5.0.1.3006-windows\jre\bin\jli.dll
0x00007ff8b98f0000 - 0x00007ff8b9909000 	C:\Users\LENOVO\OneDrive\Documentos\Universidad\Semestre\Gestion de calidad de sistemas\sonar-scanner-5.0.1.3006-windows\jre\bin\VCRUNTIME140.dll
0x00007ff8c7c40000 - 0x00007ff8c7dee000 	C:\WINDOWS\System32\USER32.dll
0x00007ff8b5a00000 - 0x00007ff8b5c93000 	C:\WINDOWS\WinSxS\amd64_microsoft.windows.common-controls_6595b64144ccf1df_6.0.22621.2215_none_270d72677387dfc3\COMCTL32.dll
0x00007ff8c5920000 - 0x00007ff8c5946000 	C:\WINDOWS\System32\win32u.dll
0x00007ff8c6bd0000 - 0x00007ff8c6c77000 	C:\WINDOWS\System32\msvcrt.dll
0x00007ff8c6500000 - 0x00007ff8c6529000 	C:\WINDOWS\System32\GDI32.dll
0x00007ff8c5800000 - 0x00007ff8c5918000 	C:\WINDOWS\System32\gdi32full.dll
0x00007ff8c5950000 - 0x00007ff8c59ea000 	C:\WINDOWS\System32\msvcp_win.dll
0x00007ff8c6ab0000 - 0x00007ff8c6ae1000 	C:\WINDOWS\System32\IMM32.DLL
0x00007ff8b8e90000 - 0x00007ff8b8e9c000 	C:\Users\LENOVO\OneDrive\Documentos\Universidad\Semestre\Gestion de calidad de sistemas\sonar-scanner-5.0.1.3006-windows\jre\bin\vcruntime140_1.dll
0x00007ff89c6c0000 - 0x00007ff89c751000 	C:\Users\LENOVO\OneDrive\Documentos\Universidad\Semestre\Gestion de calidad de sistemas\sonar-scanner-5.0.1.3006-windows\jre\bin\msvcp140.dll
0x00007ff85a630000 - 0x00007ff85b278000 	C:\Users\LENOVO\OneDrive\Documentos\Universidad\Semestre\Gestion de calidad de sistemas\sonar-scanner-5.0.1.3006-windows\jre\bin\server\jvm.dll
0x00007ff8c6320000 - 0x00007ff8c63d0000 	C:\WINDOWS\System32\ADVAPI32.dll
0x00007ff8c61c0000 - 0x00007ff8c6266000 	C:\WINDOWS\System32\sechost.dll
0x00007ff8c7fb0000 - 0x00007ff8c80c7000 	C:\WINDOWS\System32\RPCRT4.dll
0x00007ff8bc7a0000 - 0x00007ff8bc7d4000 	C:\WINDOWS\SYSTEM32\WINMM.dll
0x00007ff8b98e0000 - 0x00007ff8b98e9000 	C:\WINDOWS\SYSTEM32\WSOCK32.dll
0x00007ff8bb0e0000 - 0x00007ff8bb0ea000 	C:\WINDOWS\SYSTEM32\VERSION.dll
0x00007ff8c8310000 - 0x00007ff8c8381000 	C:\WINDOWS\System32\WS2_32.dll
0x00007ff8c47f0000 - 0x00007ff8c4808000 	C:\WINDOWS\SYSTEM32\kernel.appcore.dll
0x00007ff8b8dc0000 - 0x00007ff8b8dca000 	C:\Users\LENOVO\OneDrive\Documentos\Universidad\Semestre\Gestion de calidad de sistemas\sonar-scanner-5.0.1.3006-windows\jre\bin\jimage.dll
0x00007ff8c2940000 - 0x00007ff8c2b6e000 	C:\WINDOWS\SYSTEM32\DBGHELP.DLL
0x00007ff8c78b0000 - 0x00007ff8c7c3a000 	C:\WINDOWS\System32\combase.dll
0x00007ff8c6af0000 - 0x00007ff8c6bc7000 	C:\WINDOWS\System32\OLEAUT32.dll
0x00007ff8aaf40000 - 0x00007ff8aaf72000 	C:\WINDOWS\SYSTEM32\dbgcore.DLL
0x00007ff8c5780000 - 0x00007ff8c57fa000 	C:\WINDOWS\System32\bcryptPrimitives.dll
0x00007ff8b5fc0000 - 0x00007ff8b5fe5000 	C:\Users\LENOVO\OneDrive\Documentos\Universidad\Semestre\Gestion de calidad de sistemas\sonar-scanner-5.0.1.3006-windows\jre\bin\java.dll
0x00007ff86c6c0000 - 0x00007ff86c796000 	C:\Users\LENOVO\OneDrive\Documentos\Universidad\Semestre\Gestion de calidad de sistemas\sonar-scanner-5.0.1.3006-windows\jre\bin\jsvml.dll
0x00007ff8c7000000 - 0x00007ff8c7823000 	C:\WINDOWS\System32\SHELL32.dll
0x00007ff8c3710000 - 0x00007ff8c3ffa000 	C:\WINDOWS\SYSTEM32\windows.storage.dll
0x00007ff8c35d0000 - 0x00007ff8c370e000 	C:\WINDOWS\SYSTEM32\wintypes.dll
0x00007ff8c69b0000 - 0x00007ff8c6aa3000 	C:\WINDOWS\System32\SHCORE.dll
0x00007ff8c81a0000 - 0x00007ff8c81fe000 	C:\WINDOWS\System32\shlwapi.dll
0x00007ff8c56b0000 - 0x00007ff8c56d6000 	C:\WINDOWS\SYSTEM32\profapi.dll
0x00007ff8b5640000 - 0x00007ff8b5659000 	C:\Users\LENOVO\OneDrive\Documentos\Universidad\Semestre\Gestion de calidad de sistemas\sonar-scanner-5.0.1.3006-windows\jre\bin\net.dll
0x00007ff8bda00000 - 0x00007ff8bdb37000 	C:\WINDOWS\SYSTEM32\WINHTTP.dll
0x00007ff8c4d40000 - 0x00007ff8c4da9000 	C:\WINDOWS\system32\mswsock.dll
0x00007ff8b5620000 - 0x00007ff8b5635000 	C:\Users\LENOVO\OneDrive\Documentos\Universidad\Semestre\Gestion de calidad de sistemas\sonar-scanner-5.0.1.3006-windows\jre\bin\nio.dll
0x00007ff8a9890000 - 0x00007ff8a98a8000 	C:\Users\LENOVO\OneDrive\Documentos\Universidad\Semestre\Gestion de calidad de sistemas\sonar-scanner-5.0.1.3006-windows\jre\bin\zip.dll
0x00007ff8b8c60000 - 0x00007ff8b8c6e000 	C:\Users\LENOVO\OneDrive\Documentos\Universidad\Semestre\Gestion de calidad de sistemas\sonar-scanner-5.0.1.3006-windows\jre\bin\sunmscapi.dll
0x00007ff8c5ff0000 - 0x00007ff8c6156000 	C:\WINDOWS\System32\CRYPT32.dll
0x00007ff8c5100000 - 0x00007ff8c512e000 	C:\WINDOWS\SYSTEM32\ncrypt.dll
0x00007ff8c50c0000 - 0x00007ff8c50f7000 	C:\WINDOWS\SYSTEM32\NTASN1.dll
0x00007ff8c4f90000 - 0x00007ff8c4fab000 	C:\WINDOWS\SYSTEM32\CRYPTSP.dll
0x00007ff8c47b0000 - 0x00007ff8c47e5000 	C:\WINDOWS\system32\rsaenh.dll
0x00007ff8c4e30000 - 0x00007ff8c4e5c000 	C:\WINDOWS\SYSTEM32\USERENV.dll
0x00007ff8c5130000 - 0x00007ff8c5158000 	C:\WINDOWS\SYSTEM32\bcrypt.dll
0x00007ff8c4fb0000 - 0x00007ff8c4fbc000 	C:\WINDOWS\SYSTEM32\CRYPTBASE.dll
0x00007ff8c4260000 - 0x00007ff8c428d000 	C:\WINDOWS\SYSTEM32\IPHLPAPI.DLL
0x00007ff8c6e50000 - 0x00007ff8c6e59000 	C:\WINDOWS\System32\NSI.dll
0x00007ff8bd7e0000 - 0x00007ff8bd7f9000 	C:\WINDOWS\SYSTEM32\dhcpcsvc6.DLL
0x00007ff8bd0a0000 - 0x00007ff8bd0bf000 	C:\WINDOWS\SYSTEM32\dhcpcsvc.DLL
0x00007ff8c42d0000 - 0x00007ff8c43c2000 	C:\WINDOWS\SYSTEM32\DNSAPI.dll
0x00007ff8b6a70000 - 0x00007ff8b6a7a000 	C:\Windows\System32\rasadhlp.dll
0x00007ff8bcb90000 - 0x00007ff8bcc14000 	C:\WINDOWS\System32\fwpuclnt.dll
0x00007ff8b7730000 - 0x00007ff8b7740000 	C:\Users\LENOVO\OneDrive\Documentos\Universidad\Semestre\Gestion de calidad de sistemas\sonar-scanner-5.0.1.3006-windows\jre\bin\verify.dll
0x00007ff8a8c10000 - 0x00007ff8a8c18000 	C:\WINDOWS\system32\wshunix.dll

dbghelp: loaded successfully - version: 4.0.5 - missing functions: none
symbol engine: initialized successfully - sym options: 0x614 - pdb path: .;C:\Users\LENOVO\OneDrive\Documentos\Universidad\Semestre\Gestion de calidad de sistemas\sonar-scanner-5.0.1.3006-windows\jre\bin;C:\WINDOWS\SYSTEM32;C:\WINDOWS\WinSxS\amd64_microsoft.windows.common-controls_6595b64144ccf1df_6.0.22621.2215_none_270d72677387dfc3;C:\Users\LENOVO\OneDrive\Documentos\Universidad\Semestre\Gestion de calidad de sistemas\sonar-scanner-5.0.1.3006-windows\jre\bin\server

VM Arguments:
jvm_args: -Djava.awt.headless=true -Dscanner.home=C:\Users\LENOVO\OneDrive\Documentos\Universidad\Semestre\Gestion de calidad de sistemas\sonar-scanner-5.0.1.3006-windows\bin\.. -Dproject.home=C:\Users\LENOVO\Desktop\Wilsterman-Web-QA-Correcting 
java_command: org.sonarsource.scanner.cli.Main -Dsonar.login=squ_c287e3a8249c4d1b968c32b4a1a50ea5fb93ef55
java_class_path (initial): C:\Users\LENOVO\OneDrive\Documentos\Universidad\Semestre\Gestion de calidad de sistemas\sonar-scanner-5.0.1.3006-windows\bin\..\lib\sonar-scanner-cli-5.0.1.3006.jar
Launcher Type: SUN_STANDARD

[Global flags]
     intx CICompilerCount                          = 4                                         {product} {ergonomic}
     uint ConcGCThreads                            = 3                                         {product} {ergonomic}
     uint G1ConcRefinementThreads                  = 10                                        {product} {ergonomic}
   size_t G1HeapRegionSize                         = 1048576                                   {product} {ergonomic}
    uintx GCDrainStackTargetSize                   = 64                                        {product} {ergonomic}
   size_t InitialHeapSize                          = 134217728                                 {product} {ergonomic}
   size_t MarkStackSize                            = 4194304                                   {product} {ergonomic}
   size_t MaxHeapSize                              = 2124414976                                {product} {ergonomic}
   size_t MaxNewSize                               = 1274019840                                {product} {ergonomic}
   size_t MinHeapDeltaBytes                        = 1048576                                   {product} {ergonomic}
   size_t MinHeapSize                              = 8388608                                   {product} {ergonomic}
    uintx NonNMethodCodeHeapSize                   = 5839372                                {pd product} {ergonomic}
    uintx NonProfiledCodeHeapSize                  = 122909434                              {pd product} {ergonomic}
    uintx ProfiledCodeHeapSize                     = 122909434                              {pd product} {ergonomic}
    uintx ReservedCodeCacheSize                    = 251658240                              {pd product} {ergonomic}
     bool SegmentedCodeCache                       = true                                      {product} {ergonomic}
   size_t SoftMaxHeapSize                          = 2124414976                             {manageable} {ergonomic}
     bool UseCompressedClassPointers               = true                           {product lp64_product} {ergonomic}
     bool UseCompressedOops                        = true                           {product lp64_product} {ergonomic}
     bool UseG1GC                                  = true                                      {product} {ergonomic}
     bool UseLargePagesIndividualAllocation        = false                                  {pd product} {ergonomic}

Logging:
Log output configuration:
 #0: stdout all=warning uptime,level,tags
 #1: stderr all=off uptime,level,tags

Environment Variables:
JAVA_HOME=C:\Users\LENOVO\OneDrive\Documentos\Universidad\Semestre\Gestion de calidad de sistemas\sonar-scanner-5.0.1.3006-windows\bin\..\jre
PATH=C:\Program Files\Common Files\Oracle\Java\javapath;C:\Windows\system32;C:\Windows;C:\Windows\System32\Wbem;C:\Windows\System32\WindowsPowerShell\v1.0\;C:\Windows\System32\OpenSSH\;C:\Program Files (x86)\NVIDIA Corporation\PhysX\Common;C:\Program Files\NVIDIA Corporation\NVIDIA NvDLISR;C:\Program Files\dotnet\;C:\MinGW;C:\Program Files\nodejs\;C:\WINDOWS\system32;C:\WINDOWS;C:\WINDOWS\System32\Wbem;C:\WINDOWS\System32\WindowsPowerShell\v1.0\;C:\WINDOWS\System32\OpenSSH\;C:\Program Files\Cloudflare\Cloudflare WARP\;C:\Program Files\Git\cmd;C:\Program Files\Java\jdk-17\bin;C:\Users\LENOVO\OneDrive\Documentos\Universidad\Semestre\Gestion de calidad de sistemas\sonar-scanner-5.0.1.3006-windows\bin;C:\Program Files\MySQL\MySQL Shell 8.0\bin\;C:\Users\LENOVO\AppData\Local\Microsoft\WindowsApps;C:\Users\LENOVO\AppData\Local\Programs\Microsoft VS Code\bin;C:\MinGW;C:\Users\LENOVO\AppData\Roaming\npm;C:\Users\LENOVO\.dotnet\tools;
USERNAME=LENOVO
OS=Windows_NT
PROCESSOR_IDENTIFIER=Intel64 Family 6 Model 165 Stepping 2, GenuineIntel
TMP=C:\Users\LENOVO\AppData\Local\Temp
TEMP=C:\Users\LENOVO\AppData\Local\Temp



---------------  S Y S T E M  ---------------

OS:
 Windows 11 , 64 bit Build 22621 (10.0.22621.2215)
OS uptime: 1 days 7:25 hours

CPU: total 12 (initial active 12) (6 cores per cpu, 2 threads per core) family 6 model 165 stepping 2 microcode 0xf4, cx8, cmov, fxsr, ht, mmx, 3dnowpref, sse, sse2, sse3, ssse3, sse4.1, sse4.2, popcnt, lzcnt, tsc, tscinvbit, avx, avx2, aes, erms, clmul, bmi1, bmi2, adx, fma, vzeroupper, clflush, clflushopt

Memory: 4k page, system-wide physical 8099M (879M free)
TotalPageFile size 32675M (AvailPageFile size 3M)
current process WorkingSet (physical memory assigned to process): 243M, peak: 265M
current process commit charge ("private bytes"): 294M, peak: 311M

vm_info: OpenJDK 64-Bit Server VM (17.0.7+7) for windows-amd64 JRE (17.0.7+7), built on Apr 18 2023 22:10:42 by "temurin" with MS VC++ 16.7 (VS2019)

END.
