#
# There is insufficient memory for the Java Runtime Environment to continue.
# Native memory allocation (malloc) failed to allocate 890176 bytes for Chunk::new
# Possible reasons:
#   The system is out of physical RAM or swap space
#   The process is running with CompressedOops enabled, and the Java Heap may be blocking the growth of the native heap
# Possible solutions:
#   Reduce memory load on the system
#   Increase physical memory or swap space
#   Check if swap backing store is full
#   Decrease Java heap size (-Xmx/-Xms)
#   Decrease number of Java threads
#   Decrease Java thread stack sizes (-Xss)
#   Set larger code cache with -XX:ReservedCodeCacheSize=
#   JVM is running with Unscaled Compressed Oops mode in which the Java heap is
#     placed in the first 4GB address space. The Java Heap base address is the
#     maximum limit for the native heap growth. Please use -XX:HeapBaseMinAddress
#     to set the Java Heap base and to place the Java Heap above 4GB virtual address.
# This output file may be truncated or incomplete.
#
#  Out of Memory Error (arena.cpp:189), pid=24492, tid=8220
#
# JRE version: OpenJDK Runtime Environment Temurin-17.0.7+7 (17.0.7+7) (build 17.0.7+7)
# Java VM: OpenJDK 64-Bit Server VM Temurin-17.0.7+7 (17.0.7+7, mixed mode, sharing, tiered, compressed oops, compressed class ptrs, g1 gc, windows-amd64)
# No core dump will be written. Minidumps are not enabled by default on client versions of Windows
#

---------------  S U M M A R Y ------------

Command Line: -Djava.awt.headless=true -Dscanner.home=C:\Users\LENOVO\OneDrive\Documentos\Universidad\Semestre\Gestion de calidad de sistemas\sonar-scanner-5.0.1.3006-windows\bin\.. -Dproject.home=C:\Users\LENOVO\Desktop\Wilsterman-Web-QA-Correcting org.sonarsource.scanner.cli.Main -Dsonar.login=squ_c287e3a8249c4d1b968c32b4a1a50ea5fb93ef55

Host: Intel(R) Core(TM) i7-10750H CPU @ 2.60GHz, 12 cores, 7G,  Windows 11 , 64 bit Build 22621 (10.0.22621.2215)
Time: Sun Sep 24 18:42:32 2023 Hora estándar oeste, Sudamérica elapsed time: 9.773989 seconds (0d 0h 0m 9s)

---------------  T H R E A D  ---------------

Current thread (0x000001ee1f6f4550):  JavaThread "C2 CompilerThread0" daemon [_thread_in_native, id=8220, stack(0x000000e71db00000,0x000000e71dc00000)]


Current CompileTask:
C2:   9774 4892 % !   4       org.springframework.beans.factory.support.DefaultListableBeanFactory::doGetBeanNamesForType @ 20 (528 bytes)

Stack: [0x000000e71db00000,0x000000e71dc00000]
Native frames: (J=compiled Java code, j=interpreted, Vv=VM code, C=native code)
V  [jvm.dll+0x67754a]
V  [jvm.dll+0x834304]
V  [jvm.dll+0x835aae]
V  [jvm.dll+0x836113]
V  [jvm.dll+0x24696f]
V  [jvm.dll+0xac0ac]
V  [jvm.dll+0xac67c]
V  [jvm.dll+0x2adbef]
V  [jvm.dll+0x580067]
V  [jvm.dll+0x221e72]
V  [jvm.dll+0x21b152]
V  [jvm.dll+0x21895b]
V  [jvm.dll+0x1a4d8d]
V  [jvm.dll+0x2284da]
V  [jvm.dll+0x226615]
V  [jvm.dll+0x7ea90b]
V  [jvm.dll+0x7e4e7a]
V  [jvm.dll+0x676395]
C  [ucrtbase.dll+0x29363]
C  [KERNEL32.DLL+0x1257d]
C  [ntdll.dll+0x5aa68]


---------------  P R O C E S S  ---------------

Threads class SMR info:
_java_thread_list=0x000001ee24a9f4b0, length=18, elements={
0x000001ee03a19a30, 0x000001ee1f6dbc70, 0x000001ee1f6dcae0, 0x000001ee1f6ec3a0,
0x000001ee1f6ecf50, 0x000001ee1f6ef910, 0x000001ee1f6f02c0, 0x000001ee1f6f4550,
0x000001ee1f6fd400, 0x000001ee1f703e10, 0x000001ee1f96d590, 0x000001ee1f970170,
0x000001ee240e94d0, 0x000001ee242812a0, 0x000001ee245ab420, 0x000001ee245ab8f0,
0x000001ee24f60040, 0x000001ee24d1b030
}

Java Threads: ( => current thread )
  0x000001ee03a19a30 JavaThread "main" [_thread_in_Java, id=25208, stack(0x000000e71ce00000,0x000000e71cf00000)]
  0x000001ee1f6dbc70 JavaThread "Reference Handler" daemon [_thread_blocked, id=11664, stack(0x000000e71d500000,0x000000e71d600000)]
  0x000001ee1f6dcae0 JavaThread "Finalizer" daemon [_thread_blocked, id=23056, stack(0x000000e71d600000,0x000000e71d700000)]
  0x000001ee1f6ec3a0 JavaThread "Signal Dispatcher" daemon [_thread_blocked, id=11112, stack(0x000000e71d700000,0x000000e71d800000)]
  0x000001ee1f6ecf50 JavaThread "Attach Listener" daemon [_thread_blocked, id=3896, stack(0x000000e71d800000,0x000000e71d900000)]
  0x000001ee1f6ef910 JavaThread "Service Thread" daemon [_thread_blocked, id=7064, stack(0x000000e71d900000,0x000000e71da00000)]
  0x000001ee1f6f02c0 JavaThread "Monitor Deflation Thread" daemon [_thread_blocked, id=11884, stack(0x000000e71da00000,0x000000e71db00000)]
=>0x000001ee1f6f4550 JavaThread "C2 CompilerThread0" daemon [_thread_in_native, id=8220, stack(0x000000e71db00000,0x000000e71dc00000)]
  0x000001ee1f6fd400 JavaThread "C1 CompilerThread0" daemon [_thread_blocked, id=12740, stack(0x000000e71dc00000,0x000000e71dd00000)]
  0x000001ee1f703e10 JavaThread "Sweeper thread" daemon [_thread_blocked, id=7576, stack(0x000000e71dd00000,0x000000e71de00000)]
  0x000001ee1f96d590 JavaThread "Notification Thread" daemon [_thread_blocked, id=6604, stack(0x000000e71de00000,0x000000e71df00000)]
  0x000001ee1f970170 JavaThread "Common-Cleaner" daemon [_thread_blocked, id=25492, stack(0x000000e71e000000,0x000000e71e100000)]
  0x000001ee240e94d0 JavaThread "OkHttp ConnectionPool" daemon [_thread_blocked, id=16356, stack(0x000000e71e200000,0x000000e71e300000)]
  0x000001ee242812a0 JavaThread "Okio Watchdog" daemon [_thread_blocked, id=6676, stack(0x000000e71e300000,0x000000e71e400000)]
  0x000001ee245ab420 JavaThread "OkHttp TaskRunner" daemon [_thread_blocked, id=23660, stack(0x000000e71ed00000,0x000000e71ee00000)]
  0x000001ee245ab8f0 JavaThread "Okio Watchdog" daemon [_thread_blocked, id=11652, stack(0x000000e71ee00000,0x000000e71ef00000)]
  0x000001ee24f60040 JavaThread "HttpClient-1-SelectorManager" daemon [_thread_in_native, id=13648, stack(0x000000e71f100000,0x000000e71f200000)]
  0x000001ee24d1b030 JavaThread "JGit-WorkQueue" daemon [_thread_blocked, id=19880, stack(0x000000e71f300000,0x000000e71f400000)]

Other Threads:
  0x000001ee1f6d73d0 VMThread "VM Thread" [stack: 0x000000e71d400000,0x000000e71d500000] [id=23968]
  0x000001ee03a96d10 WatcherThread [stack: 0x000000e71df00000,0x000000e71e000000] [id=19988]
  0x000001ee03a75970 GCTaskThread "GC Thread#0" [stack: 0x000000e71cf00000,0x000000e71d000000] [id=9428]
  0x000001ee241db4b0 GCTaskThread "GC Thread#1" [stack: 0x000000e71e400000,0x000000e71e500000] [id=10832]
  0x000001ee241db760 GCTaskThread "GC Thread#2" [stack: 0x000000e71e500000,0x000000e71e600000] [id=21320]
  0x000001ee241e3fe0 GCTaskThread "GC Thread#3" [stack: 0x000000e71e600000,0x000000e71e700000] [id=11888]
  0x000001ee243514c0 GCTaskThread "GC Thread#4" [stack: 0x000000e71e700000,0x000000e71e800000] [id=8396]
  0x000001ee24351770 GCTaskThread "GC Thread#5" [stack: 0x000000e71e800000,0x000000e71e900000] [id=6092]
  0x000001ee24351a20 GCTaskThread "GC Thread#6" [stack: 0x000000e71e900000,0x000000e71ea00000] [id=11704]
  0x000001ee24351ee0 GCTaskThread "GC Thread#7" [stack: 0x000000e71ea00000,0x000000e71eb00000] [id=24244]
  0x000001ee24352190 GCTaskThread "GC Thread#8" [stack: 0x000000e71eb00000,0x000000e71ec00000] [id=20084]
  0x000001ee24352440 GCTaskThread "GC Thread#9" [stack: 0x000000e71ec00000,0x000000e71ed00000] [id=11020]
  0x000001ee03a865f0 ConcurrentGCThread "G1 Main Marker" [stack: 0x000000e71d000000,0x000000e71d100000] [id=10380]
  0x000001ee03a877a0 ConcurrentGCThread "G1 Conc#0" [stack: 0x000000e71d100000,0x000000e71d200000] [id=6260]
  0x000001ee24afec30 ConcurrentGCThread "G1 Conc#1" [stack: 0x000000e71ef00000,0x000000e71f000000] [id=11168]
  0x000001ee24afd400 ConcurrentGCThread "G1 Conc#2" [stack: 0x000000e71f000000,0x000000e71f100000] [id=24376]
  0x000001ee03ade540 ConcurrentGCThread "G1 Refine#0" [stack: 0x000000e71d200000,0x000000e71d300000] [id=23800]
  0x000001ee1f58a100 ConcurrentGCThread "G1 Service" [stack: 0x000000e71d300000,0x000000e71d400000] [id=13448]

Threads with active compile tasks:
C2 CompilerThread0     9803 4892 % !   4       org.springframework.beans.factory.support.DefaultListableBeanFactory::doGetBeanNamesForType @ 20 (528 bytes)

VM state: not at safepoint (normal execution)

VM Mutex/Monitor currently owned by a thread: None

Heap address: 0x0000000081600000, size: 2026 MB, Compressed Oops mode: 32-bit

CDS archive(s) mapped at: [0x0000000800000000-0x0000000800a60000-0x0000000800a60000), size 10878976, SharedBaseAddress: 0x0000000800000000, ArchiveRelocationMode: 0.
Compressed class space mapped at: 0x0000000801000000-0x0000000841000000, reserved size: 1073741824
Narrow klass base: 0x0000000800000000, Narrow klass shift: 0, Narrow klass range: 0x100000000

GC Precious Log:
 CPUs: 12 total, 12 available
 Memory: 8099M
 Large Page Support: Disabled
 NUMA Support: Disabled
 Compressed Oops: Enabled (32-bit)
 Heap Region Size: 1M
 Heap Min Capacity: 8M
 Heap Initial Capacity: 128M
 Heap Max Capacity: 2026M
 Pre-touch: Disabled
 Parallel Workers: 10
 Concurrent Workers: 3
 Concurrent Refinement Workers: 10
 Periodic GC: Disabled

Heap:
 garbage-first heap   total 86016K, used 52460K [0x0000000081600000, 0x0000000100000000)
  region size 1024K, 25 young (25600K), 4 survivors (4096K)
 Metaspace       used 45053K, committed 45632K, reserved 1114112K
  class space    used 5755K, committed 6016K, reserved 1048576K

Heap Regions: E=young(eden), S=young(survivor), O=old, HS=humongous(starts), HC=humongous(continues), CS=collection set, F=free, OA=open archive, CA=closed archive, TAMS=top-at-mark-start (previous, next)
|   0|0x0000000081600000, 0x0000000081700000, 0x0000000081700000|100%|HS|  |TAMS 0x0000000081700000, 0x0000000081700000| Complete 
|   1|0x0000000081700000, 0x0000000081800000, 0x0000000081800000|100%|HC|  |TAMS 0x0000000081800000, 0x0000000081800000| Complete 
|   2|0x0000000081800000, 0x0000000081900000, 0x0000000081900000|100%| O|  |TAMS 0x0000000081900000, 0x0000000081900000| Untracked 
|   3|0x0000000081900000, 0x0000000081a00000, 0x0000000081a00000|100%| O|  |TAMS 0x0000000081a00000, 0x0000000081a00000| Untracked 
|   4|0x0000000081a00000, 0x0000000081b00000, 0x0000000081b00000|100%| O|  |TAMS 0x0000000081b00000, 0x0000000081b00000| Untracked 
|   5|0x0000000081b00000, 0x0000000081c00000, 0x0000000081c00000|100%| O|  |TAMS 0x0000000081c00000, 0x0000000081c00000| Untracked 
|   6|0x0000000081c00000, 0x0000000081d00000, 0x0000000081d00000|100%| O|  |TAMS 0x0000000081d00000, 0x0000000081d00000| Untracked 
|   7|0x0000000081d00000, 0x0000000081e00000, 0x0000000081e00000|100%| O|  |TAMS 0x0000000081e00000, 0x0000000081e00000| Untracked 
|   8|0x0000000081e00000, 0x0000000081f00000, 0x0000000081f00000|100%| O|  |TAMS 0x0000000081f00000, 0x0000000081f00000| Untracked 
|   9|0x0000000081f00000, 0x0000000082000000, 0x0000000082000000|100%| O|  |TAMS 0x0000000082000000, 0x0000000082000000| Untracked 
|  10|0x0000000082000000, 0x0000000082100000, 0x0000000082100000|100%| O|  |TAMS 0x0000000082100000, 0x0000000082100000| Untracked 
|  11|0x0000000082100000, 0x0000000082200000, 0x0000000082200000|100%| O|  |TAMS 0x0000000082200000, 0x0000000082200000| Untracked 
|  12|0x0000000082200000, 0x0000000082300000, 0x0000000082300000|100%| O|  |TAMS 0x0000000082300000, 0x0000000082300000| Untracked 
|  13|0x0000000082300000, 0x0000000082400000, 0x0000000082400000|100%| O|  |TAMS 0x0000000082400000, 0x0000000082400000| Untracked 
|  14|0x0000000082400000, 0x0000000082500000, 0x0000000082500000|100%| O|  |TAMS 0x0000000082500000, 0x0000000082500000| Untracked 
|  15|0x0000000082500000, 0x0000000082600000, 0x0000000082600000|100%| O|  |TAMS 0x0000000082600000, 0x0000000082600000| Untracked 
|  16|0x0000000082600000, 0x0000000082700000, 0x0000000082700000|100%| O|  |TAMS 0x0000000082700000, 0x0000000082700000| Untracked 
|  17|0x0000000082700000, 0x0000000082800000, 0x0000000082800000|100%| O|  |TAMS 0x0000000082800000, 0x0000000082800000| Untracked 
|  18|0x0000000082800000, 0x0000000082900000, 0x0000000082900000|100%| O|  |TAMS 0x0000000082900000, 0x0000000082900000| Untracked 
|  19|0x0000000082900000, 0x0000000082a00000, 0x0000000082a00000|100%|HS|  |TAMS 0x0000000082a00000, 0x0000000082a00000| Complete 
|  20|0x0000000082a00000, 0x0000000082b00000, 0x0000000082b00000|100%|HS|  |TAMS 0x0000000082b00000, 0x0000000082b00000| Complete 
|  21|0x0000000082b00000, 0x0000000082c00000, 0x0000000082c00000|100%|HC|  |TAMS 0x0000000082c00000, 0x0000000082c00000| Complete 
|  22|0x0000000082c00000, 0x0000000082d00000, 0x0000000082d00000|100%|HC|  |TAMS 0x0000000082d00000, 0x0000000082d00000| Complete 
|  23|0x0000000082d00000, 0x0000000082e00000, 0x0000000082e00000|100%|HS|  |TAMS 0x0000000082e00000, 0x0000000082e00000| Complete 
|  24|0x0000000082e00000, 0x0000000082f00000, 0x0000000082f00000|100%|HS|  |TAMS 0x0000000082f00000, 0x0000000082f00000| Complete 
|  25|0x0000000082f00000, 0x0000000083000000, 0x0000000083000000|100%| O|  |TAMS 0x0000000082f9aa00, 0x0000000083000000| Untracked 
|  26|0x0000000083000000, 0x0000000083100000, 0x0000000083100000|100%| O|  |TAMS 0x0000000083000000, 0x000000008303ae00| Untracked 
|  27|0x0000000083100000, 0x0000000083100000, 0x0000000083200000|  0%| F|  |TAMS 0x0000000083100000, 0x0000000083100000| Untracked 
|  28|0x0000000083200000, 0x0000000083200000, 0x0000000083300000|  0%| F|  |TAMS 0x0000000083200000, 0x0000000083200000| Untracked 
|  29|0x0000000083300000, 0x0000000083300000, 0x0000000083400000|  0%| F|  |TAMS 0x0000000083300000, 0x0000000083300000| Untracked 
|  30|0x0000000083400000, 0x0000000083400000, 0x0000000083500000|  0%| F|  |TAMS 0x0000000083400000, 0x0000000083400000| Untracked 
|  31|0x0000000083500000, 0x0000000083500000, 0x0000000083600000|  0%| F|  |TAMS 0x0000000083500000, 0x0000000083500000| Untracked 
|  32|0x0000000083600000, 0x000000008369ae00, 0x0000000083700000| 60%| O|  |TAMS 0x0000000083600000, 0x0000000083600000| Untracked 
|  33|0x0000000083700000, 0x0000000083700000, 0x0000000083800000|  0%| F|  |TAMS 0x0000000083700000, 0x0000000083700000| Untracked 
|  34|0x0000000083800000, 0x0000000083800000, 0x0000000083900000|  0%| F|  |TAMS 0x0000000083800000, 0x0000000083800000| Untracked 
|  35|0x0000000083900000, 0x0000000083900000, 0x0000000083a00000|  0%| F|  |TAMS 0x0000000083900000, 0x0000000083900000| Untracked 
|  36|0x0000000083a00000, 0x0000000083a00000, 0x0000000083b00000|  0%| F|  |TAMS 0x0000000083a00000, 0x0000000083a00000| Untracked 
|  37|0x0000000083b00000, 0x0000000083b00000, 0x0000000083c00000|  0%| F|  |TAMS 0x0000000083b00000, 0x0000000083b00000| Untracked 
|  38|0x0000000083c00000, 0x0000000083c00000, 0x0000000083d00000|  0%| F|  |TAMS 0x0000000083c00000, 0x0000000083c00000| Untracked 
|  39|0x0000000083d00000, 0x0000000083d00000, 0x0000000083e00000|  0%| F|  |TAMS 0x0000000083d00000, 0x0000000083d00000| Untracked 
|  40|0x0000000083e00000, 0x0000000083e00000, 0x0000000083f00000|  0%| F|  |TAMS 0x0000000083e00000, 0x0000000083e00000| Untracked 
|  41|0x0000000083f00000, 0x0000000083f00000, 0x0000000084000000|  0%| F|  |TAMS 0x0000000083f00000, 0x0000000083f00000| Untracked 
|  42|0x0000000084000000, 0x0000000084000000, 0x0000000084100000|  0%| F|  |TAMS 0x0000000084000000, 0x0000000084000000| Untracked 
|  43|0x0000000084100000, 0x0000000084100000, 0x0000000084200000|  0%| F|  |TAMS 0x0000000084100000, 0x0000000084100000| Untracked 
|  44|0x0000000084200000, 0x0000000084200000, 0x0000000084300000|  0%| F|  |TAMS 0x0000000084200000, 0x0000000084200000| Untracked 
|  45|0x0000000084300000, 0x0000000084300000, 0x0000000084400000|  0%| F|  |TAMS 0x0000000084300000, 0x0000000084300000| Untracked 
|  46|0x0000000084400000, 0x00000000844a04d0, 0x0000000084500000| 62%| S|CS|TAMS 0x0000000084400000, 0x0000000084400000| Complete 
|  47|0x0000000084500000, 0x0000000084600000, 0x0000000084600000|100%| S|CS|TAMS 0x0000000084500000, 0x0000000084500000| Complete 
|  48|0x0000000084600000, 0x0000000084700000, 0x0000000084700000|100%| S|CS|TAMS 0x0000000084600000, 0x0000000084600000| Complete 
|  49|0x0000000084700000, 0x0000000084800000, 0x0000000084800000|100%| S|CS|TAMS 0x0000000084700000, 0x0000000084700000| Complete 
|  50|0x0000000084800000, 0x0000000084800000, 0x0000000084900000|  0%| F|  |TAMS 0x0000000084800000, 0x0000000084800000| Untracked 
|  51|0x0000000084900000, 0x0000000084900000, 0x0000000084a00000|  0%| F|  |TAMS 0x0000000084900000, 0x0000000084900000| Untracked 
|  52|0x0000000084a00000, 0x0000000084a00000, 0x0000000084b00000|  0%| F|  |TAMS 0x0000000084a00000, 0x0000000084a00000| Untracked 
|  53|0x0000000084b00000, 0x0000000084b00000, 0x0000000084c00000|  0%| F|  |TAMS 0x0000000084b00000, 0x0000000084b00000| Untracked 
|  54|0x0000000084c00000, 0x0000000084c00000, 0x0000000084d00000|  0%| F|  |TAMS 0x0000000084c00000, 0x0000000084c00000| Untracked 
|  55|0x0000000084d00000, 0x0000000084d00000, 0x0000000084e00000|  0%| F|  |TAMS 0x0000000084d00000, 0x0000000084d00000| Untracked 
|  56|0x0000000084e00000, 0x0000000084e00000, 0x0000000084f00000|  0%| F|  |TAMS 0x0000000084e00000, 0x0000000084e00000| Untracked 
|  57|0x0000000084f00000, 0x0000000084f00000, 0x0000000085000000|  0%| F|  |TAMS 0x0000000084f00000, 0x0000000084f00000| Untracked 
|  58|0x0000000085000000, 0x0000000085000000, 0x0000000085100000|  0%| F|  |TAMS 0x0000000085000000, 0x0000000085000000| Untracked 
|  59|0x0000000085100000, 0x0000000085100000, 0x0000000085200000|  0%| F|  |TAMS 0x0000000085100000, 0x0000000085100000| Untracked 
|  60|0x0000000085200000, 0x0000000085200000, 0x0000000085300000|  0%| F|  |TAMS 0x0000000085200000, 0x0000000085200000| Untracked 
|  61|0x0000000085300000, 0x0000000085300000, 0x0000000085400000|  0%| F|  |TAMS 0x0000000085300000, 0x0000000085300000| Untracked 
|  62|0x0000000085400000, 0x0000000085400000, 0x0000000085500000|  0%| F|  |TAMS 0x0000000085400000, 0x0000000085400000| Untracked 
|  63|0x0000000085500000, 0x0000000085580c10, 0x0000000085600000| 50%| E|  |TAMS 0x0000000085500000, 0x0000000085500000| Complete 
|  64|0x0000000085600000, 0x0000000085700000, 0x0000000085700000|100%| E|CS|TAMS 0x0000000085600000, 0x0000000085600000| Complete 
|  65|0x0000000085700000, 0x0000000085800000, 0x0000000085800000|100%| E|CS|TAMS 0x0000000085700000, 0x0000000085700000| Complete 
|  66|0x0000000085800000, 0x0000000085900000, 0x0000000085900000|100%| E|CS|TAMS 0x0000000085800000, 0x0000000085800000| Complete 
|  67|0x0000000085900000, 0x0000000085a00000, 0x0000000085a00000|100%| E|CS|TAMS 0x0000000085900000, 0x0000000085900000| Complete 
|  68|0x0000000085a00000, 0x0000000085b00000, 0x0000000085b00000|100%| E|CS|TAMS 0x0000000085a00000, 0x0000000085a00000| Complete 
|  69|0x0000000085b00000, 0x0000000085c00000, 0x0000000085c00000|100%| E|CS|TAMS 0x0000000085b00000, 0x0000000085b00000| Complete 
|  70|0x0000000085c00000, 0x0000000085d00000, 0x0000000085d00000|100%| E|CS|TAMS 0x0000000085c00000, 0x0000000085c00000| Complete 
|  71|0x0000000085d00000, 0x0000000085e00000, 0x0000000085e00000|100%| E|CS|TAMS 0x0000000085d00000, 0x0000000085d00000| Complete 
|  72|0x0000000085e00000, 0x0000000085f00000, 0x0000000085f00000|100%| E|CS|TAMS 0x0000000085e00000, 0x0000000085e00000| Complete 
|  73|0x0000000085f00000, 0x0000000086000000, 0x0000000086000000|100%| E|CS|TAMS 0x0000000085f00000, 0x0000000085f00000| Complete 
|  74|0x0000000086000000, 0x0000000086100000, 0x0000000086100000|100%| E|CS|TAMS 0x0000000086000000, 0x0000000086000000| Complete 
|  75|0x0000000086100000, 0x0000000086200000, 0x0000000086200000|100%| E|CS|TAMS 0x0000000086100000, 0x0000000086100000| Complete 
|  83|0x0000000086900000, 0x0000000086a00000, 0x0000000086a00000|100%| E|CS|TAMS 0x0000000086900000, 0x0000000086900000| Complete 
|  84|0x0000000086a00000, 0x0000000086b00000, 0x0000000086b00000|100%| E|CS|TAMS 0x0000000086a00000, 0x0000000086a00000| Complete 
|  85|0x0000000086b00000, 0x0000000086c00000, 0x0000000086c00000|100%| E|CS|TAMS 0x0000000086b00000, 0x0000000086b00000| Complete 
|  86|0x0000000086c00000, 0x0000000086d00000, 0x0000000086d00000|100%| E|CS|TAMS 0x0000000086c00000, 0x0000000086c00000| Complete 
|  87|0x0000000086d00000, 0x0000000086e00000, 0x0000000086e00000|100%| E|CS|TAMS 0x0000000086d00000, 0x0000000086d00000| Complete 
|  88|0x0000000086e00000, 0x0000000086f00000, 0x0000000086f00000|100%| E|CS|TAMS 0x0000000086e00000, 0x0000000086e00000| Complete 
|  89|0x0000000086f00000, 0x0000000087000000, 0x0000000087000000|100%| E|CS|TAMS 0x0000000086f00000, 0x0000000086f00000| Complete 
| 127|0x0000000089500000, 0x0000000089600000, 0x0000000089600000|100%| E|CS|TAMS 0x0000000089500000, 0x0000000089500000| Complete 

Card table byte_map: [0x000001ee18330000,0x000001ee18730000] _byte_map_base: 0x000001ee17f25000

Marking Bits (Prev, Next): (CMBitMap*) 0x000001ee03a75f80, (CMBitMap*) 0x000001ee03a75fc0
 Prev Bits: [0x000001ee18b30000, 0x000001ee1aad8000)
 Next Bits: [0x000001ee1aae0000, 0x000001ee1ca88000)

Polling page: 0x000001ee01a20000

Metaspace:

Usage:
  Non-class:     38.38 MB used.
      Class:      5.62 MB used.
       Both:     44.00 MB used.

Virtual space:
  Non-class space:       64.00 MB reserved,      38.69 MB ( 60%) committed,  1 nodes.
      Class space:        1.00 GB reserved,       5.88 MB ( <1%) committed,  1 nodes.
             Both:        1.06 GB reserved,      44.56 MB (  4%) committed. 

Chunk freelists:
   Non-Class:  8.97 MB
       Class:  9.98 MB
        Both:  18.95 MB

MaxMetaspaceSize: unlimited
CompressedClassSpaceSize: 1.00 GB
Initial GC threshold: 21.00 MB
Current GC threshold: 58.75 MB
CDS: on
MetaspaceReclaimPolicy: balanced
 - commit_granule_bytes: 65536.
 - commit_granule_words: 8192.
 - virtual_space_node_default_size: 8388608.
 - enlarge_chunks_in_place: 1.
 - new_chunks_are_fully_committed: 0.
 - uncommit_free_chunks: 1.
 - use_allocation_guard: 0.
 - handle_deallocations: 1.


Internal statistics:

num_allocs_failed_limit: 6.
num_arena_births: 366.
num_arena_deaths: 0.
num_vsnodes_births: 2.
num_vsnodes_deaths: 0.
num_space_committed: 713.
num_space_uncommitted: 0.
num_chunks_returned_to_freelist: 6.
num_chunks_taken_from_freelist: 1908.
num_chunk_merges: 6.
num_chunk_splits: 1414.
num_chunks_enlarged: 1137.
num_inconsistent_stats: 0.

CodeHeap 'non-profiled nmethods': size=120000Kb used=2319Kb max_used=2319Kb free=117681Kb
 bounds [0x000001ee104b0000, 0x000001ee10720000, 0x000001ee179e0000]
CodeHeap 'profiled nmethods': size=120000Kb used=10029Kb max_used=10029Kb free=109970Kb
 bounds [0x000001ee089e0000, 0x000001ee093b0000, 0x000001ee0ff10000]
CodeHeap 'non-nmethods': size=5760Kb used=1262Kb max_used=1331Kb free=4497Kb
 bounds [0x000001ee0ff10000, 0x000001ee10180000, 0x000001ee104b0000]
 total_blobs=5489 nmethods=4909 adapters=491
 compilation: enabled
              stopped_count=0, restarted_count=0
 full_count=0

Compilation events (20 events):
Event: 9.739 Thread 0x000001ee1f6fd400 4900       1       org.sonarsource.analyzer.commons.internal.json.simple.parser.Yylex::yybegin (6 bytes)
Event: 9.739 Thread 0x000001ee1f6fd400 nmethod 4900 0x000001ee106f3910 code [0x000001ee106f3aa0, 0x000001ee106f3b78]
Event: 9.739 Thread 0x000001ee1f6fd400 4906   !   3       org.sonarsource.analyzer.commons.internal.json.simple.parser.Yylex::yylex (907 bytes)
Event: 9.741 Thread 0x000001ee1f6fd400 nmethod 4906 0x000001ee09399b90 code [0x000001ee0939a300, 0x000001ee0939f038]
Event: 9.741 Thread 0x000001ee1f6fd400 4910       3       org.sonarsource.analyzer.commons.internal.json.simple.parser.Yylex::yytext (25 bytes)
Event: 9.741 Thread 0x000001ee1f6fd400 nmethod 4910 0x000001ee093a0990 code [0x000001ee093a0b40, 0x000001ee093a0d08]
Event: 9.741 Thread 0x000001ee1f6fd400 4914       3       org.sonarsource.analyzer.commons.internal.json.simple.parser.JSONParser::peekStatus (22 bytes)
Event: 9.741 Thread 0x000001ee1f6fd400 nmethod 4914 0x000001ee093a0e10 code [0x000001ee093a0fe0, 0x000001ee093a1408]
Event: 9.741 Thread 0x000001ee1f6fd400 4907       3       org.sonarsource.analyzer.commons.internal.json.simple.parser.JSONParser::nextToken (32 bytes)
Event: 9.741 Thread 0x000001ee1f6fd400 nmethod 4907 0x000001ee093a1590 code [0x000001ee093a1740, 0x000001ee093a1aa8]
Event: 9.741 Thread 0x000001ee1f6fd400 4908       3       org.sonarsource.analyzer.commons.internal.json.simple.parser.Yytoken::<init> (25 bytes)
Event: 9.742 Thread 0x000001ee1f6fd400 nmethod 4908 0x000001ee093a1c10 code [0x000001ee093a1da0, 0x000001ee093a1f98]
Event: 9.742 Thread 0x000001ee1f6fd400 4916       3       org.sonar.api.internal.apachecommons.lang.ClassUtils::getAllInterfaces (21 bytes)
Event: 9.742 Thread 0x000001ee1f6fd400 nmethod 4916 0x000001ee093a2090 code [0x000001ee093a2260, 0x000001ee093a2648]
Event: 9.760 Thread 0x000001ee1f6fd400 4918       3       sun.reflect.annotation.AnnotationParser::parseMemberValue (232 bytes)
Event: 9.762 Thread 0x000001ee1f6fd400 nmethod 4918 0x000001ee093a2790 code [0x000001ee093a2ca0, 0x000001ee093a5348]
Event: 9.766 Thread 0x000001ee1f6fd400 4919       2       org.springframework.beans.MutablePropertyValues::isEmpty (10 bytes)
Event: 9.766 Thread 0x000001ee1f6fd400 nmethod 4919 0x000001ee093a6010 code [0x000001ee093a61a0, 0x000001ee093a62c8]
Event: 9.767 Thread 0x000001ee1f6fd400 4920   !   3       org.springframework.beans.factory.annotation.AutowiredAnnotationBeanPostProcessor::lambda$determineCandidateConstructors$0 (89 bytes)
Event: 9.767 Thread 0x000001ee1f6fd400 nmethod 4920 0x000001ee093a6390 code [0x000001ee093a6660, 0x000001ee093a7778]

GC Heap History (20 events):
Event: 1.240 GC heap before
{Heap before GC invocations=1 (full 0):
 garbage-first heap   total 131072K, used 35669K [0x0000000081600000, 0x0000000100000000)
  region size 1024K, 31 young (31744K), 3 survivors (3072K)
 Metaspace       used 17654K, committed 17856K, reserved 1114112K
  class space    used 1989K, committed 2112K, reserved 1048576K
}
Event: 1.247 GC heap after
{Heap after GC invocations=2 (full 0):
 garbage-first heap   total 131072K, used 9153K [0x0000000081600000, 0x0000000100000000)
  region size 1024K, 2 young (2048K), 2 survivors (2048K)
 Metaspace       used 17654K, committed 17856K, reserved 1114112K
  class space    used 1989K, committed 2112K, reserved 1048576K
}
Event: 1.738 GC heap before
{Heap before GC invocations=2 (full 0):
 garbage-first heap   total 131072K, used 62401K [0x0000000081600000, 0x0000000100000000)
  region size 1024K, 38 young (38912K), 2 survivors (2048K)
 Metaspace       used 21084K, committed 21504K, reserved 1114112K
  class space    used 2436K, committed 2624K, reserved 1048576K
}
Event: 1.744 GC heap after
{Heap after GC invocations=3 (full 0):
 garbage-first heap   total 131072K, used 20417K [0x0000000081600000, 0x0000000100000000)
  region size 1024K, 7 young (7168K), 7 survivors (7168K)
 Metaspace       used 21084K, committed 21504K, reserved 1114112K
  class space    used 2436K, committed 2624K, reserved 1048576K
}
Event: 6.085 GC heap before
{Heap before GC invocations=4 (full 0):
 garbage-first heap   total 71680K, used 56257K [0x0000000081600000, 0x0000000100000000)
  region size 1024K, 42 young (43008K), 7 survivors (7168K)
 Metaspace       used 29485K, committed 29952K, reserved 1114112K
  class space    used 3346K, committed 3520K, reserved 1048576K
}
Event: 6.093 GC heap after
{Heap after GC invocations=5 (full 0):
 garbage-first heap   total 71680K, used 23302K [0x0000000081600000, 0x0000000100000000)
  region size 1024K, 3 young (3072K), 3 survivors (3072K)
 Metaspace       used 29485K, committed 29952K, reserved 1114112K
  class space    used 3346K, committed 3520K, reserved 1048576K
}
Event: 6.266 GC heap before
{Heap before GC invocations=5 (full 0):
 garbage-first heap   total 71680K, used 24326K [0x0000000081600000, 0x0000000100000000)
  region size 1024K, 4 young (4096K), 3 survivors (3072K)
 Metaspace       used 29502K, committed 29952K, reserved 1114112K
  class space    used 3346K, committed 3520K, reserved 1048576K
}
Event: 6.270 GC heap after
{Heap after GC invocations=6 (full 0):
 garbage-first heap   total 71680K, used 23892K [0x0000000081600000, 0x0000000100000000)
  region size 1024K, 1 young (1024K), 1 survivors (1024K)
 Metaspace       used 29502K, committed 29952K, reserved 1114112K
  class space    used 3346K, committed 3520K, reserved 1048576K
}
Event: 7.972 GC heap before
{Heap before GC invocations=6 (full 0):
 garbage-first heap   total 71680K, used 51540K [0x0000000081600000, 0x0000000100000000)
  region size 1024K, 28 young (28672K), 1 survivors (1024K)
 Metaspace       used 31819K, committed 32320K, reserved 1114112K
  class space    used 3601K, committed 3840K, reserved 1048576K
}
Event: 7.982 GC heap after
{Heap after GC invocations=7 (full 0):
 garbage-first heap   total 71680K, used 26333K [0x0000000081600000, 0x0000000100000000)
  region size 1024K, 3 young (3072K), 3 survivors (3072K)
 Metaspace       used 31819K, committed 32320K, reserved 1114112K
  class space    used 3601K, committed 3840K, reserved 1048576K
}
Event: 8.620 GC heap before
{Heap before GC invocations=7 (full 0):
 garbage-first heap   total 71680K, used 52957K [0x0000000081600000, 0x0000000100000000)
  region size 1024K, 29 young (29696K), 3 survivors (3072K)
 Metaspace       used 31939K, committed 32512K, reserved 1114112K
  class space    used 3601K, committed 3840K, reserved 1048576K
}
Event: 8.624 GC heap after
{Heap after GC invocations=8 (full 0):
 garbage-first heap   total 71680K, used 27165K [0x0000000081600000, 0x0000000100000000)
  region size 1024K, 1 young (1024K), 1 survivors (1024K)
 Metaspace       used 31939K, committed 32512K, reserved 1114112K
  class space    used 3601K, committed 3840K, reserved 1048576K
}
Event: 8.973 GC heap before
{Heap before GC invocations=8 (full 0):
 garbage-first heap   total 71680K, used 54813K [0x0000000081600000, 0x0000000100000000)
  region size 1024K, 28 young (28672K), 1 survivors (1024K)
 Metaspace       used 35107K, committed 35584K, reserved 1114112K
  class space    used 3943K, committed 4160K, reserved 1048576K
}
Event: 8.977 GC heap after
{Heap after GC invocations=9 (full 0):
 garbage-first heap   total 71680K, used 28466K [0x0000000081600000, 0x0000000100000000)
  region size 1024K, 3 young (3072K), 3 survivors (3072K)
 Metaspace       used 35107K, committed 35584K, reserved 1114112K
  class space    used 3943K, committed 4160K, reserved 1048576K
}
Event: 9.000 GC heap before
{Heap before GC invocations=9 (full 0):
 garbage-first heap   total 71680K, used 30514K [0x0000000081600000, 0x0000000100000000)
  region size 1024K, 6 young (6144K), 3 survivors (3072K)
 Metaspace       used 35493K, committed 35968K, reserved 1114112K
  class space    used 4006K, committed 4224K, reserved 1048576K
}
Event: 9.003 GC heap after
{Heap after GC invocations=10 (full 0):
 garbage-first heap   total 86016K, used 28797K [0x0000000081600000, 0x0000000100000000)
  region size 1024K, 2 young (2048K), 2 survivors (2048K)
 Metaspace       used 35493K, committed 35968K, reserved 1114112K
  class space    used 4006K, committed 4224K, reserved 1048576K
}
Event: 9.109 GC heap before
{Heap before GC invocations=11 (full 0):
 garbage-first heap   total 86016K, used 48253K [0x0000000081600000, 0x0000000100000000)
  region size 1024K, 11 young (11264K), 2 survivors (2048K)
 Metaspace       used 36559K, committed 37120K, reserved 1114112K
  class space    used 4142K, committed 4352K, reserved 1048576K
}
Event: 9.114 GC heap after
{Heap after GC invocations=12 (full 0):
 garbage-first heap   total 86016K, used 35738K [0x0000000081600000, 0x0000000100000000)
  region size 1024K, 4 young (4096K), 4 survivors (4096K)
 Metaspace       used 36559K, committed 37120K, reserved 1114112K
  class space    used 4142K, committed 4352K, reserved 1048576K
}
Event: 9.612 GC heap before
{Heap before GC invocations=12 (full 0):
 garbage-first heap   total 86016K, used 71578K [0x0000000081600000, 0x0000000100000000)
  region size 1024K, 34 young (34816K), 4 survivors (4096K)
 Metaspace       used 42705K, committed 43264K, reserved 1114112K
  class space    used 5359K, committed 5632K, reserved 1048576K
}
Event: 9.617 GC heap after
{Heap after GC invocations=13 (full 0):
 garbage-first heap   total 86016K, used 31980K [0x0000000081600000, 0x0000000100000000)
  region size 1024K, 4 young (4096K), 4 survivors (4096K)
 Metaspace       used 42705K, committed 43264K, reserved 1114112K
  class space    used 5359K, committed 5632K, reserved 1048576K
}

Dll operation events (8 events):
Event: 0.006 Loaded shared library C:\Users\LENOVO\OneDrive\Documentos\Universidad\Semestre\Gestion de calidad de sistemas\sonar-scanner-5.0.1.3006-windows\jre\bin\java.dll
Event: 0.083 Loaded shared library C:\Users\LENOVO\OneDrive\Documentos\Universidad\Semestre\Gestion de calidad de sistemas\sonar-scanner-5.0.1.3006-windows\jre\bin\jsvml.dll
Event: 0.106 Loaded shared library C:\Users\LENOVO\OneDrive\Documentos\Universidad\Semestre\Gestion de calidad de sistemas\sonar-scanner-5.0.1.3006-windows\jre\bin\net.dll
Event: 0.107 Loaded shared library C:\Users\LENOVO\OneDrive\Documentos\Universidad\Semestre\Gestion de calidad de sistemas\sonar-scanner-5.0.1.3006-windows\jre\bin\nio.dll
Event: 0.111 Loaded shared library C:\Users\LENOVO\OneDrive\Documentos\Universidad\Semestre\Gestion de calidad de sistemas\sonar-scanner-5.0.1.3006-windows\jre\bin\zip.dll
Event: 0.137 Loaded shared library C:\Users\LENOVO\OneDrive\Documentos\Universidad\Semestre\Gestion de calidad de sistemas\sonar-scanner-5.0.1.3006-windows\jre\bin\jimage.dll
Event: 0.200 Loaded shared library C:\Users\LENOVO\OneDrive\Documentos\Universidad\Semestre\Gestion de calidad de sistemas\sonar-scanner-5.0.1.3006-windows\jre\bin\sunmscapi.dll
Event: 0.509 Loaded shared library C:\Users\LENOVO\OneDrive\Documentos\Universidad\Semestre\Gestion de calidad de sistemas\sonar-scanner-5.0.1.3006-windows\jre\bin\verify.dll

Deoptimization events (20 events):
Event: 8.752 Thread 0x000001ee03a19a30 DEOPT PACKING pc=0x000001ee106131e8 sp=0x000000e71cefdff0
Event: 8.752 Thread 0x000001ee03a19a30 DEOPT UNPACKING pc=0x000001ee0ff669a3 sp=0x000000e71cefdf98 mode 2
Event: 8.752 Thread 0x000001ee03a19a30 Uncommon trap: trap_request=0xffffffde fr.pc=0x000001ee106131e8 relative=0x00000000000000c8
Event: 8.752 Thread 0x000001ee03a19a30 Uncommon trap: reason=class_check action=maybe_recompile pc=0x000001ee106131e8 method=java.util.Collections$UnmodifiableCollection.contains(Ljava/lang/Object;)Z @ 5 c2
Event: 8.752 Thread 0x000001ee03a19a30 DEOPT PACKING pc=0x000001ee106131e8 sp=0x000000e71cefdff0
Event: 8.752 Thread 0x000001ee03a19a30 DEOPT UNPACKING pc=0x000001ee0ff669a3 sp=0x000000e71cefdf98 mode 2
Event: 8.752 Thread 0x000001ee03a19a30 Uncommon trap: trap_request=0xffffffde fr.pc=0x000001ee106131e8 relative=0x00000000000000c8
Event: 8.752 Thread 0x000001ee03a19a30 Uncommon trap: reason=class_check action=maybe_recompile pc=0x000001ee106131e8 method=java.util.Collections$UnmodifiableCollection.contains(Ljava/lang/Object;)Z @ 5 c2
Event: 8.752 Thread 0x000001ee03a19a30 DEOPT PACKING pc=0x000001ee106131e8 sp=0x000000e71cefdfe0
Event: 8.752 Thread 0x000001ee03a19a30 DEOPT UNPACKING pc=0x000001ee0ff669a3 sp=0x000000e71cefdf88 mode 2
Event: 9.028 Thread 0x000001ee03a19a30 DEOPT PACKING pc=0x000001ee090e9e94 sp=0x000000e71cefbd10
Event: 9.028 Thread 0x000001ee03a19a30 DEOPT UNPACKING pc=0x000001ee0ff67143 sp=0x000000e71cefb230 mode 0
Event: 9.058 Thread 0x000001ee03a19a30 Uncommon trap: trap_request=0xffffff45 fr.pc=0x000001ee105e3c80 relative=0x00000000000004c0
Event: 9.058 Thread 0x000001ee03a19a30 Uncommon trap: reason=unstable_if action=reinterpret pc=0x000001ee105e3c80 method=java.util.HashMap.removeNode(ILjava/lang/Object;Ljava/lang/Object;ZZ)Ljava/util/HashMap$Node; @ 168 c2
Event: 9.058 Thread 0x000001ee03a19a30 DEOPT PACKING pc=0x000001ee105e3c80 sp=0x000000e71cefb500
Event: 9.058 Thread 0x000001ee03a19a30 DEOPT UNPACKING pc=0x000001ee0ff669a3 sp=0x000000e71cefb410 mode 2
Event: 9.058 Thread 0x000001ee03a19a30 Uncommon trap: trap_request=0xffffff45 fr.pc=0x000001ee105e18d0 relative=0x0000000000000430
Event: 9.058 Thread 0x000001ee03a19a30 Uncommon trap: reason=unstable_if action=reinterpret pc=0x000001ee105e18d0 method=java.util.HashMap.removeNode(ILjava/lang/Object;Ljava/lang/Object;ZZ)Ljava/util/HashMap$Node; @ 58 c2
Event: 9.058 Thread 0x000001ee03a19a30 DEOPT PACKING pc=0x000001ee105e18d0 sp=0x000000e71cefb8c0
Event: 9.058 Thread 0x000001ee03a19a30 DEOPT UNPACKING pc=0x000001ee0ff669a3 sp=0x000000e71cefb868 mode 2

Classes unloaded (0 events):
No events

Classes redefined (0 events):
No events

Internal exceptions (20 events):
Event: 2.186 Thread 0x000001ee03a19a30 Exception <a 'java/lang/NoSuchMethodError'{0x00000000844c6390}: 'java.lang.Object java.lang.invoke.DirectMethodHandle$Holder.invokeStatic(java.lang.Object, java.lang.Object, int)'> (0x00000000844c6390) 
thrown [s\src\hotspot\share\interpreter\linkResolver.cpp, line 759]
Event: 2.186 Thread 0x000001ee03a19a30 Exception <a 'java/lang/NoSuchMethodError'{0x00000000844c9c80}: 'java.lang.Object java.lang.invoke.DirectMethodHandle$Holder.invokeStaticInit(java.lang.Object, java.lang.Object, int)'> (0x00000000844c9c80) 
thrown [s\src\hotspot\share\interpreter\linkResolver.cpp, line 759]
Event: 2.188 Thread 0x000001ee03a19a30 Exception <a 'java/lang/NoSuchMethodError'{0x00000000844e6b90}: 'int java.lang.invoke.DirectMethodHandle$Holder.invokeSpecialIFC(java.lang.Object, java.lang.Object, java.lang.Object)'> (0x00000000844e6b90) 
thrown [s\src\hotspot\share\interpreter\linkResolver.cpp, line 759]
Event: 2.333 Thread 0x000001ee03a19a30 Exception <a 'sun/nio/fs/WindowsException'{0x000000008427b668}> (0x000000008427b668) 
thrown [s\src\hotspot\share\prims\jni.cpp, line 516]
Event: 7.416 Thread 0x000001ee03a19a30 Exception <a 'java/lang/NoSuchMethodError'{0x00000000851cd4a8}: 'java.lang.Object java.lang.invoke.Invokers$Holder.invokeExact_MT(java.lang.Object, java.lang.Object, java.lang.Object, java.lang.Object, java.lang.Object, java.lang.Object)'> (0x00000000851cd4a8) 
thrown [s\src\hotspot\share\interpreter\linkResolver.cpp, line 759]
Event: 7.443 Thread 0x000001ee03a19a30 Exception <a 'java/lang/NoSuchMethodError'{0x0000000084f2a798}: 'java.lang.Object java.lang.invoke.DirectMethodHandle$Holder.invokeInterface(java.lang.Object, java.lang.Object, java.lang.Object)'> (0x0000000084f2a798) 
thrown [s\src\hotspot\share\interpreter\linkResolver.cpp, line 759]
Event: 7.458 Thread 0x000001ee03a19a30 Implicit null exception at 0x000001ee10613cb6 to 0x000001ee106144c0
Event: 7.535 Thread 0x000001ee03a19a30 Exception <a 'java/lang/NoSuchMethodError'{0x0000000084c8c540}: 'void java.lang.invoke.DirectMethodHandle$Holder.invokeStatic(java.lang.Object, long)'> (0x0000000084c8c540) 
thrown [s\src\hotspot\share\interpreter\linkResolver.cpp, line 759]
Event: 7.536 Thread 0x000001ee03a19a30 Exception <a 'java/lang/NoSuchMethodError'{0x0000000084c94b68}: 'java.lang.Object java.lang.invoke.DirectMethodHandle$Holder.invokeStatic(java.lang.Object, java.lang.Object, long, java.lang.Object)'> (0x0000000084c94b68) 
thrown [s\src\hotspot\share\interpreter\linkResolver.cpp, line 759]
Event: 7.536 Thread 0x000001ee03a19a30 Exception <a 'java/lang/NoSuchMethodError'{0x0000000084c98600}: 'java.lang.Object java.lang.invoke.DirectMethodHandle$Holder.invokeStaticInit(java.lang.Object, java.lang.Object, long, java.lang.Object)'> (0x0000000084c98600) 
thrown [s\src\hotspot\share\interpreter\linkResolver.cpp, line 759]
Event: 7.537 Thread 0x000001ee03a19a30 Exception <a 'java/lang/NoSuchMethodError'{0x0000000084c9e930}: 'java.lang.Object java.lang.invoke.DirectMethodHandle$Holder.newInvokeSpecial(java.lang.Object, java.lang.Object, long)'> (0x0000000084c9e930) 
thrown [s\src\hotspot\share\interpreter\linkResolver.cpp, line 759]
Event: 7.537 Thread 0x000001ee03a19a30 Exception <a 'java/lang/NoSuchMethodError'{0x0000000084ca24a0}: 'java.lang.Object java.lang.invoke.Invokers$Holder.linkToTargetMethod(java.lang.Object, long, java.lang.Object)'> (0x0000000084ca24a0) 
thrown [s\src\hotspot\share\interpreter\linkResolver.cpp, line 759]
Event: 7.788 Thread 0x000001ee03a19a30 Exception <a 'java/lang/NoSuchMethodError'{0x0000000084525c50}: 'java.lang.Object java.lang.invoke.DirectMethodHandle$Holder.invokeStatic(java.lang.Object, int, int, java.lang.Object)'> (0x0000000084525c50) 
thrown [s\src\hotspot\share\interpreter\linkResolver.cpp, line 759]
Event: 7.788 Thread 0x000001ee03a19a30 Exception <a 'java/lang/NoSuchMethodError'{0x000000008452cf60}: 'java.lang.Object java.lang.invoke.DirectMethodHandle$Holder.newInvokeSpecial(java.lang.Object, int, int, java.lang.Object)'> (0x000000008452cf60) 
thrown [s\src\hotspot\share\interpreter\linkResolver.cpp, line 759]
Event: 7.801 Thread 0x000001ee03a19a30 Exception <a 'java/lang/NoSuchMethodError'{0x00000000845779a0}: 'int java.lang.invoke.DirectMethodHandle$Holder.invokeVirtual(java.lang.Object, java.lang.Object)'> (0x00000000845779a0) 
thrown [s\src\hotspot\share\interpreter\linkResolver.cpp, line 759]
Event: 7.807 Thread 0x000001ee03a19a30 Exception <a 'java/lang/NoSuchMethodError'{0x00000000845e90f0}: 'java.lang.Object java.lang.invoke.DirectMethodHandle$Holder.invokeSpecial(java.lang.Object, java.lang.Object, int, java.lang.Object, java.lang.Object)'> (0x00000000845e90f0) 
thrown [s\src\hotspot\share\interpreter\linkResolver.cpp, line 759]
Event: 8.741 Thread 0x000001ee03a19a30 Exception <a 'java/lang/NoSuchMethodError'{0x0000000086acdab0}: 'java.lang.Object java.lang.invoke.DirectMethodHandle$Holder.newInvokeSpecial(java.lang.Object, java.lang.Object, java.lang.Object, java.lang.Object, java.lang.Object, java.lang.Object)'> (0x0000000086acdab0) 
thrown [s\src\hotspot\share\interpreter\linkResolver.cpp, line 759]
Event: 8.743 Thread 0x000001ee24d1c840 Exception <a 'java/lang/InterruptedException'{0x0000000086900040}: sleep interrupted> (0x0000000086900040) 
thrown [s\src\hotspot\share\prims\jvm.cpp, line 3070]
Event: 8.743 Thread 0x000001ee24d1c840 Implicit null exception at 0x000001ee106611ec to 0x000001ee106612a0
Event: 9.435 Thread 0x000001ee03a19a30 Exception <a 'java/lang/NoSuchMethodError'{0x00000000857ebaf8}: 'java.lang.Object java.lang.invoke.DirectMethodHandle$Holder.invokeStaticInit(java.lang.Object, int)'> (0x00000000857ebaf8) 
thrown [s\src\hotspot\share\interpreter\linkResolver.cpp, line 759]

VM Operations (20 events):
Event: 8.973 Executing VM operation: G1CollectForAllocation
Event: 8.977 Executing VM operation: G1CollectForAllocation done
Event: 9.000 Executing VM operation: CollectForMetadataAllocation
Event: 9.003 Executing VM operation: CollectForMetadataAllocation done
Event: 9.011 Executing VM operation: G1Concurrent
Event: 9.014 Executing VM operation: G1Concurrent done
Event: 9.017 Executing VM operation: G1Concurrent
Event: 9.017 Executing VM operation: G1Concurrent done
Event: 9.028 Executing VM operation: HandshakeAllThreads
Event: 9.028 Executing VM operation: HandshakeAllThreads done
Event: 9.057 Executing VM operation: HandshakeAllThreads
Event: 9.057 Executing VM operation: HandshakeAllThreads done
Event: 9.109 Executing VM operation: G1TryInitiateConcMark
Event: 9.114 Executing VM operation: G1TryInitiateConcMark done
Event: 9.230 Executing VM operation: HandshakeAllThreads
Event: 9.230 Executing VM operation: HandshakeAllThreads done
Event: 9.478 Executing VM operation: HandshakeAllThreads
Event: 9.478 Executing VM operation: HandshakeAllThreads done
Event: 9.612 Executing VM operation: G1CollectForAllocation
Event: 9.617 Executing VM operation: G1CollectForAllocation done

Events (20 events):
Event: 8.842 loading class sun/reflect/generics/repository/FieldRepository
Event: 8.842 loading class sun/reflect/generics/repository/FieldRepository done
Event: 8.844 loading class sun/reflect/misc/ReflectUtil
Event: 8.845 loading class sun/reflect/misc/ReflectUtil done
Event: 8.845 loading class jdk/internal/reflect/UnsafeIntegerFieldAccessorImpl
Event: 8.846 loading class jdk/internal/reflect/UnsafeIntegerFieldAccessorImpl done
Event: 8.846 loading class jdk/internal/reflect/UnsafeBooleanFieldAccessorImpl
Event: 8.846 loading class jdk/internal/reflect/UnsafeBooleanFieldAccessorImpl done
Event: 9.027 loading class java/util/regex/Pattern$LazyLoop
Event: 9.028 loading class java/util/regex/Pattern$LazyLoop done
Event: 9.085 loading class java/util/regex/Pattern$Neg
Event: 9.085 loading class java/util/regex/Pattern$Neg done
Event: 9.140 loading class java/lang/annotation/Repeatable
Event: 9.140 loading class java/lang/annotation/Repeatable done
Event: 9.476 loading class java/io/DataOutputStream
Event: 9.477 loading class java/io/DataOutputStream done
Event: 9.481 loading class javax/swing/Icon
Event: 9.481 loading class javax/swing/Icon done
Event: 9.641 loading class java/util/regex/Pattern$Pos
Event: 9.641 loading class java/util/regex/Pattern$Pos done


Dynamic libraries:
0x00007ff775090000 - 0x00007ff77509e000 	C:\Users\LENOVO\OneDrive\Documentos\Universidad\Semestre\Gestion de calidad de sistemas\sonar-scanner-5.0.1.3006-windows\jre\bin\java.exe
0x00007ff8c83d0000 - 0x00007ff8c85e4000 	C:\WINDOWS\SYSTEM32\ntdll.dll
0x00007ff8c80d0000 - 0x00007ff8c8194000 	C:\WINDOWS\System32\KERNEL32.DLL
0x00007ff8c5ab0000 - 0x00007ff8c5e54000 	C:\WINDOWS\System32\KERNELBASE.dll
0x00007ff8c5e60000 - 0x00007ff8c5f71000 	C:\WINDOWS\System32\ucrtbase.dll
0x00007ff8b5640000 - 0x00007ff8b5657000 	C:\Users\LENOVO\OneDrive\Documentos\Universidad\Semestre\Gestion de calidad de sistemas\sonar-scanner-5.0.1.3006-windows\jre\bin\jli.dll
0x00007ff8b5620000 - 0x00007ff8b5639000 	C:\Users\LENOVO\OneDrive\Documentos\Universidad\Semestre\Gestion de calidad de sistemas\sonar-scanner-5.0.1.3006-windows\jre\bin\VCRUNTIME140.dll
0x00007ff8c7c40000 - 0x00007ff8c7dee000 	C:\WINDOWS\System32\USER32.dll
0x00007ff8b5a00000 - 0x00007ff8b5c93000 	C:\WINDOWS\WinSxS\amd64_microsoft.windows.common-controls_6595b64144ccf1df_6.0.22621.2215_none_270d72677387dfc3\COMCTL32.dll
0x00007ff8c5920000 - 0x00007ff8c5946000 	C:\WINDOWS\System32\win32u.dll
0x00007ff8c6bd0000 - 0x00007ff8c6c77000 	C:\WINDOWS\System32\msvcrt.dll
0x00007ff8c6500000 - 0x00007ff8c6529000 	C:\WINDOWS\System32\GDI32.dll
0x00007ff8c5800000 - 0x00007ff8c5918000 	C:\WINDOWS\System32\gdi32full.dll
0x00007ff8c5950000 - 0x00007ff8c59ea000 	C:\WINDOWS\System32\msvcp_win.dll
0x00007ff8c6ab0000 - 0x00007ff8c6ae1000 	C:\WINDOWS\System32\IMM32.DLL
0x00007ff8c0ac0000 - 0x00007ff8c0acc000 	C:\Users\LENOVO\OneDrive\Documentos\Universidad\Semestre\Gestion de calidad de sistemas\sonar-scanner-5.0.1.3006-windows\jre\bin\vcruntime140_1.dll
0x00007ff8a97e0000 - 0x00007ff8a9871000 	C:\Users\LENOVO\OneDrive\Documentos\Universidad\Semestre\Gestion de calidad de sistemas\sonar-scanner-5.0.1.3006-windows\jre\bin\msvcp140.dll
0x00007ff845ce0000 - 0x00007ff846928000 	C:\Users\LENOVO\OneDrive\Documentos\Universidad\Semestre\Gestion de calidad de sistemas\sonar-scanner-5.0.1.3006-windows\jre\bin\server\jvm.dll
0x00007ff8c6320000 - 0x00007ff8c63d0000 	C:\WINDOWS\System32\ADVAPI32.dll
0x00007ff8c61c0000 - 0x00007ff8c6266000 	C:\WINDOWS\System32\sechost.dll
0x00007ff8c7fb0000 - 0x00007ff8c80c7000 	C:\WINDOWS\System32\RPCRT4.dll
0x00007ff8bc7a0000 - 0x00007ff8bc7d4000 	C:\WINDOWS\SYSTEM32\WINMM.dll
0x00007ff8bb0e0000 - 0x00007ff8bb0ea000 	C:\WINDOWS\SYSTEM32\VERSION.dll
0x00007ff8bca00000 - 0x00007ff8bca09000 	C:\WINDOWS\SYSTEM32\WSOCK32.dll
0x00007ff8c8310000 - 0x00007ff8c8381000 	C:\WINDOWS\System32\WS2_32.dll
0x00007ff8c47f0000 - 0x00007ff8c4808000 	C:\WINDOWS\SYSTEM32\kernel.appcore.dll
0x00007ff8bfb20000 - 0x00007ff8bfb2a000 	C:\Users\LENOVO\OneDrive\Documentos\Universidad\Semestre\Gestion de calidad de sistemas\sonar-scanner-5.0.1.3006-windows\jre\bin\jimage.dll
0x00007ff8c2940000 - 0x00007ff8c2b6e000 	C:\WINDOWS\SYSTEM32\DBGHELP.DLL
0x00007ff8c78b0000 - 0x00007ff8c7c3a000 	C:\WINDOWS\System32\combase.dll
0x00007ff8c6af0000 - 0x00007ff8c6bc7000 	C:\WINDOWS\System32\OLEAUT32.dll
0x00007ff8aaf40000 - 0x00007ff8aaf72000 	C:\WINDOWS\SYSTEM32\dbgcore.DLL
0x00007ff8c5780000 - 0x00007ff8c57fa000 	C:\WINDOWS\System32\bcryptPrimitives.dll
0x00007ff8a8880000 - 0x00007ff8a88a5000 	C:\Users\LENOVO\OneDrive\Documentos\Universidad\Semestre\Gestion de calidad de sistemas\sonar-scanner-5.0.1.3006-windows\jre\bin\java.dll
0x00007ff89c800000 - 0x00007ff89c8d6000 	C:\Users\LENOVO\OneDrive\Documentos\Universidad\Semestre\Gestion de calidad de sistemas\sonar-scanner-5.0.1.3006-windows\jre\bin\jsvml.dll
0x00007ff8c7000000 - 0x00007ff8c7823000 	C:\WINDOWS\System32\SHELL32.dll
0x00007ff8c3710000 - 0x00007ff8c3ffa000 	C:\WINDOWS\SYSTEM32\windows.storage.dll
0x00007ff8c35d0000 - 0x00007ff8c370e000 	C:\WINDOWS\SYSTEM32\wintypes.dll
0x00007ff8c69b0000 - 0x00007ff8c6aa3000 	C:\WINDOWS\System32\SHCORE.dll
0x00007ff8c81a0000 - 0x00007ff8c81fe000 	C:\WINDOWS\System32\shlwapi.dll
0x00007ff8c56b0000 - 0x00007ff8c56d6000 	C:\WINDOWS\SYSTEM32\profapi.dll
0x00007ff8a97c0000 - 0x00007ff8a97d9000 	C:\Users\LENOVO\OneDrive\Documentos\Universidad\Semestre\Gestion de calidad de sistemas\sonar-scanner-5.0.1.3006-windows\jre\bin\net.dll
0x00007ff8bda00000 - 0x00007ff8bdb37000 	C:\WINDOWS\SYSTEM32\WINHTTP.dll
0x00007ff8c4d40000 - 0x00007ff8c4da9000 	C:\WINDOWS\system32\mswsock.dll
0x00007ff8a8550000 - 0x00007ff8a8565000 	C:\Users\LENOVO\OneDrive\Documentos\Universidad\Semestre\Gestion de calidad de sistemas\sonar-scanner-5.0.1.3006-windows\jre\bin\nio.dll
0x00007ff8a8530000 - 0x00007ff8a8548000 	C:\Users\LENOVO\OneDrive\Documentos\Universidad\Semestre\Gestion de calidad de sistemas\sonar-scanner-5.0.1.3006-windows\jre\bin\zip.dll
0x00007ff8b7950000 - 0x00007ff8b795e000 	C:\Users\LENOVO\OneDrive\Documentos\Universidad\Semestre\Gestion de calidad de sistemas\sonar-scanner-5.0.1.3006-windows\jre\bin\sunmscapi.dll
0x00007ff8c5ff0000 - 0x00007ff8c6156000 	C:\WINDOWS\System32\CRYPT32.dll
0x00007ff8c5100000 - 0x00007ff8c512e000 	C:\WINDOWS\SYSTEM32\ncrypt.dll
0x00007ff8c50c0000 - 0x00007ff8c50f7000 	C:\WINDOWS\SYSTEM32\NTASN1.dll
0x00007ff8c4f90000 - 0x00007ff8c4fab000 	C:\WINDOWS\SYSTEM32\CRYPTSP.dll
0x00007ff8c47b0000 - 0x00007ff8c47e5000 	C:\WINDOWS\system32\rsaenh.dll
0x00007ff8c4e30000 - 0x00007ff8c4e5c000 	C:\WINDOWS\SYSTEM32\USERENV.dll
0x00007ff8c5130000 - 0x00007ff8c5158000 	C:\WINDOWS\SYSTEM32\bcrypt.dll
0x00007ff8c4fb0000 - 0x00007ff8c4fbc000 	C:\WINDOWS\SYSTEM32\CRYPTBASE.dll
0x00007ff8c4260000 - 0x00007ff8c428d000 	C:\WINDOWS\SYSTEM32\IPHLPAPI.DLL
0x00007ff8c6e50000 - 0x00007ff8c6e59000 	C:\WINDOWS\System32\NSI.dll
0x00007ff8bd7e0000 - 0x00007ff8bd7f9000 	C:\WINDOWS\SYSTEM32\dhcpcsvc6.DLL
0x00007ff8bd0a0000 - 0x00007ff8bd0bf000 	C:\WINDOWS\SYSTEM32\dhcpcsvc.DLL
0x00007ff8c42d0000 - 0x00007ff8c43c2000 	C:\WINDOWS\SYSTEM32\DNSAPI.dll
0x00007ff8b6a70000 - 0x00007ff8b6a7a000 	C:\Windows\System32\rasadhlp.dll
0x00007ff8bcb90000 - 0x00007ff8bcc14000 	C:\WINDOWS\System32\fwpuclnt.dll
0x00007ff8c26b0000 - 0x00007ff8c26c0000 	C:\Users\LENOVO\OneDrive\Documentos\Universidad\Semestre\Gestion de calidad de sistemas\sonar-scanner-5.0.1.3006-windows\jre\bin\verify.dll
0x00007ff896880000 - 0x00007ff896888000 	C:\WINDOWS\system32\wshunix.dll

dbghelp: loaded successfully - version: 4.0.5 - missing functions: none
symbol engine: initialized successfully - sym options: 0x614 - pdb path: .;C:\Users\LENOVO\OneDrive\Documentos\Universidad\Semestre\Gestion de calidad de sistemas\sonar-scanner-5.0.1.3006-windows\jre\bin;C:\WINDOWS\SYSTEM32;C:\WINDOWS\WinSxS\amd64_microsoft.windows.common-controls_6595b64144ccf1df_6.0.22621.2215_none_270d72677387dfc3;C:\Users\LENOVO\OneDrive\Documentos\Universidad\Semestre\Gestion de calidad de sistemas\sonar-scanner-5.0.1.3006-windows\jre\bin\server

VM Arguments:
jvm_args: -Djava.awt.headless=true -Dscanner.home=C:\Users\LENOVO\OneDrive\Documentos\Universidad\Semestre\Gestion de calidad de sistemas\sonar-scanner-5.0.1.3006-windows\bin\.. -Dproject.home=C:\Users\LENOVO\Desktop\Wilsterman-Web-QA-Correcting 
java_command: org.sonarsource.scanner.cli.Main -Dsonar.login=squ_c287e3a8249c4d1b968c32b4a1a50ea5fb93ef55
java_class_path (initial): C:\Users\LENOVO\OneDrive\Documentos\Universidad\Semestre\Gestion de calidad de sistemas\sonar-scanner-5.0.1.3006-windows\bin\..\lib\sonar-scanner-cli-5.0.1.3006.jar
Launcher Type: SUN_STANDARD

[Global flags]
     intx CICompilerCount                          = 4                                         {product} {ergonomic}
     uint ConcGCThreads                            = 3                                         {product} {ergonomic}
     uint G1ConcRefinementThreads                  = 10                                        {product} {ergonomic}
   size_t G1HeapRegionSize                         = 1048576                                   {product} {ergonomic}
    uintx GCDrainStackTargetSize                   = 64                                        {product} {ergonomic}
   size_t InitialHeapSize                          = 134217728                                 {product} {ergonomic}
   size_t MarkStackSize                            = 4194304                                   {product} {ergonomic}
   size_t MaxHeapSize                              = 2124414976                                {product} {ergonomic}
   size_t MaxNewSize                               = 1274019840                                {product} {ergonomic}
   size_t MinHeapDeltaBytes                        = 1048576                                   {product} {ergonomic}
   size_t MinHeapSize                              = 8388608                                   {product} {ergonomic}
    uintx NonNMethodCodeHeapSize                   = 5839372                                {pd product} {ergonomic}
    uintx NonProfiledCodeHeapSize                  = 122909434                              {pd product} {ergonomic}
    uintx ProfiledCodeHeapSize                     = 122909434                              {pd product} {ergonomic}
    uintx ReservedCodeCacheSize                    = 251658240                              {pd product} {ergonomic}
     bool SegmentedCodeCache                       = true                                      {product} {ergonomic}
   size_t SoftMaxHeapSize                          = 2124414976                             {manageable} {ergonomic}
     bool UseCompressedClassPointers               = true                           {product lp64_product} {ergonomic}
     bool UseCompressedOops                        = true                           {product lp64_product} {ergonomic}
     bool UseG1GC                                  = true                                      {product} {ergonomic}
     bool UseLargePagesIndividualAllocation        = false                                  {pd product} {ergonomic}

Logging:
Log output configuration:
 #0: stdout all=warning uptime,level,tags
 #1: stderr all=off uptime,level,tags

Environment Variables:
JAVA_HOME=C:\Users\LENOVO\OneDrive\Documentos\Universidad\Semestre\Gestion de calidad de sistemas\sonar-scanner-5.0.1.3006-windows\bin\..\jre
PATH=C:\Program Files\Common Files\Oracle\Java\javapath;C:\Windows\system32;C:\Windows;C:\Windows\System32\Wbem;C:\Windows\System32\WindowsPowerShell\v1.0\;C:\Windows\System32\OpenSSH\;C:\Program Files (x86)\NVIDIA Corporation\PhysX\Common;C:\Program Files\NVIDIA Corporation\NVIDIA NvDLISR;C:\Program Files\dotnet\;C:\MinGW;C:\Program Files\nodejs\;C:\WINDOWS\system32;C:\WINDOWS;C:\WINDOWS\System32\Wbem;C:\WINDOWS\System32\WindowsPowerShell\v1.0\;C:\WINDOWS\System32\OpenSSH\;C:\Program Files\Cloudflare\Cloudflare WARP\;C:\Program Files\Git\cmd;C:\Program Files\Java\jdk-17\bin;C:\Users\LENOVO\OneDrive\Documentos\Universidad\Semestre\Gestion de calidad de sistemas\sonar-scanner-5.0.1.3006-windows\bin;C:\Program Files\MySQL\MySQL Shell 8.0\bin\;C:\Users\LENOVO\AppData\Local\Microsoft\WindowsApps;C:\Users\LENOVO\AppData\Local\Programs\Microsoft VS Code\bin;C:\MinGW;C:\Users\LENOVO\AppData\Roaming\npm;C:\Users\LENOVO\.dotnet\tools;
USERNAME=LENOVO
OS=Windows_NT
PROCESSOR_IDENTIFIER=Intel64 Family 6 Model 165 Stepping 2, GenuineIntel
TMP=C:\Users\LENOVO\AppData\Local\Temp
TEMP=C:\Users\LENOVO\AppData\Local\Temp



---------------  S Y S T E M  ---------------

OS:
 Windows 11 , 64 bit Build 22621 (10.0.22621.2215)
OS uptime: 0 days 1:27 hours

CPU: total 12 (initial active 12) (6 cores per cpu, 2 threads per core) family 6 model 165 stepping 2 microcode 0xf4, cx8, cmov, fxsr, ht, mmx, 3dnowpref, sse, sse2, sse3, ssse3, sse4.1, sse4.2, popcnt, lzcnt, tsc, tscinvbit, avx, avx2, aes, erms, clmul, bmi1, bmi2, adx, fma, vzeroupper, clflush, clflushopt

Memory: 4k page, system-wide physical 8099M (222M free)
TotalPageFile size 32675M (AvailPageFile size 11M)
current process WorkingSet (physical memory assigned to process): 220M, peak: 220M
current process commit charge ("private bytes"): 262M, peak: 264M

vm_info: OpenJDK 64-Bit Server VM (17.0.7+7) for windows-amd64 JRE (17.0.7+7), built on Apr 18 2023 22:10:42 by "temurin" with MS VC++ 16.7 (VS2019)

END.
